Using pre-set license
Built from '2020.2/release' branch; Version is '2020.2.2f1 (068178b99f32) revision 426360'; Using compiler version '192528614'; Build Type 'Release'
OS: 'Windows 10 Home; OS build 19041.928; Version 2004; 64bit' Language: 'en' Physical Memory: 65466 MB
BatchMode: 1, IsHumanControllingUs: 0, StartBugReporterOnCrash: 0, Is64bit: 1, IsPro: 0

 COMMAND LINE ARGUMENTS:
C:\Users\ryana\Documents\Unity Games\2020.2.2f1\Editor\Unity.exe
-adb2
-batchMode
-noUpm
-name
AssetImportWorker0
-projectPath
C:/Users/ryana/Documents/GitHub/Fruit-Ninja-Clone
-logFile
Logs/AssetImportWorker0.log
-srvPort
53678
Successfully changed project path to: C:/Users/ryana/Documents/GitHub/Fruit-Ninja-Clone
C:/Users/ryana/Documents/GitHub/Fruit-Ninja-Clone
Using Asset Import Pipeline V2.
Refreshing native plugins compatible for Editor in 19.94 ms, found 0 plugins.
Preloading 0 native plugins for Editor in 0.00 ms.
Initialize engine version: 2020.2.2f1 (068178b99f32)
[Subsystems] Discovering subsystems at path C:/Users/ryana/Documents/Unity Games/2020.2.2f1/Editor/Data/Resources/UnitySubsystems
[Subsystems] Discovering subsystems at path C:/Users/ryana/Documents/GitHub/Fruit-Ninja-Clone/Assets
GfxDevice: creating device client; threaded=0
Direct3D:
    Version:  Direct3D 11.0 [level 11.1]
    Renderer: NVIDIA GeForce GTX 1080 (ID=0x1b80)
    Vendor:   
    VRAM:     8079 MB
    Driver:   27.21.14.6627
Initialize mono
Mono path[0] = 'C:/Users/ryana/Documents/Unity Games/2020.2.2f1/Editor/Data/Managed'
Mono path[1] = 'C:/Users/ryana/Documents/Unity Games/2020.2.2f1/Editor/Data/MonoBleedingEdge/lib/mono/unityjit'
Mono config path = 'C:/Users/ryana/Documents/Unity Games/2020.2.2f1/Editor/Data/MonoBleedingEdge/etc'
Using monoOptions --debugger-agent=transport=dt_socket,embedding=1,server=y,suspend=n,address=127.0.0.1:56408
Begin MonoManager ReloadAssembly
Registering precompiled unity dll's ...
Register platform support module: C:/Users/ryana/Documents/Unity Games/2020.2.2f1/Editor/Data/PlaybackEngines/WebGLSupport/UnityEditor.WebGL.Extensions.dll
Register platform support module: C:/Users/ryana/Documents/Unity Games/2020.2.2f1/Editor/Data/PlaybackEngines/WindowsStandaloneSupport/UnityEditor.WindowsStandalone.Extensions.dll
Register platform support module: C:/Users/ryana/Documents/Unity Games/2020.2.2f1/Editor/Data/PlaybackEngines/LuminSupport/UnityEditor.Lumin.Extensions.dll
Registered in 0.002364 seconds.
Native extension for Lumin target not found
Native extension for WindowsStandalone target not found
Native extension for WebGL target not found
Refreshing native plugins compatible for Editor in 18.14 ms, found 0 plugins.
Preloading 0 native plugins for Editor in 0.00 ms.
Invoked RoslynAnalysisRunner static constructor.
RoslynAnalysisRunner will not be running.
RoslynAnalysisRunner has terminated.
Mono: successfully reloaded assembly
- Completed reload, in  0.942 seconds
Platform modules already initialized, skipping
Registering precompiled user dll's ...
Registered in 0.000611 seconds.
Begin MonoManager ReloadAssembly
Native extension for Lumin target not found
Native extension for WindowsStandalone target not found
Native extension for WebGL target not found
Refreshing native plugins compatible for Editor in 0.19 ms, found 0 plugins.
Preloading 0 native plugins for Editor in 0.00 ms.
Invoked RoslynAnalysisRunner static constructor.
RoslynAnalysisRunner will not be running.
RoslynAnalysisRunner has terminated.
Mono: successfully reloaded assembly
- Completed reload, in  0.672 seconds
Platform modules already initialized, skipping
========================================================================
Worker process is ready to serve import requests
Launched and connected shader compiler UnityShaderCompiler.exe after 0.04 seconds
Refreshing native plugins compatible for Editor in 0.19 ms, found 0 plugins.
Preloading 0 native plugins for Editor in 0.00 ms.
Unloading 1119 Unused Serialized files (Serialized files now loaded: 0)
System memory in use before: 57.4 MB.
System memory in use after: 57.4 MB.

Unloading 9 unused Assets to reduce memory usage. Loaded Objects now: 1562.
Total: 1.552000 ms (FindLiveObjects: 0.104700 ms CreateObjectMapping: 0.028000 ms MarkObjects: 1.372600 ms  DeleteObjects: 0.046100 ms)

========================================================================
Received Import Request.
  path: Assets/Scripts/Spawner.cs
  artifactKey: Guid(19f656c6e5be83a47beee9d8bac7a08a) Importer(815301076,1909f56bfc062723c751e8b465ee728b)
Start importing Assets/Scripts/Spawner.cs using Guid(19f656c6e5be83a47beee9d8bac7a08a) Importer(815301076,1909f56bfc062723c751e8b465ee728b)  -> (artifact id: '1c7e6591ef4b76d831f2dae867e79483') in 0.051495 seconds
  Import took 0.052901 seconds .

========================================================================
Received Import Request.
  Time since last request: 74.320682 seconds.
  path: Assets/Scripts/Spawner.cs
  artifactKey: Guid(19f656c6e5be83a47beee9d8bac7a08a) Importer(815301076,1909f56bfc062723c751e8b465ee728b)
Start importing Assets/Scripts/Spawner.cs using Guid(19f656c6e5be83a47beee9d8bac7a08a) Importer(815301076,1909f56bfc062723c751e8b465ee728b)  -> (artifact id: 'a357f82c927f76fb66a535a81586ccf7') in 0.002516 seconds
  Import took 0.004261 seconds .

========================================================================
Received Import Request.
  Time since last request: 21.798947 seconds.
  path: Assets/Scripts/Spawner.cs
  artifactKey: Guid(19f656c6e5be83a47beee9d8bac7a08a) Importer(815301076,1909f56bfc062723c751e8b465ee728b)
Start importing Assets/Scripts/Spawner.cs using Guid(19f656c6e5be83a47beee9d8bac7a08a) Importer(815301076,1909f56bfc062723c751e8b465ee728b)  -> (artifact id: '07687f9cc3734e9503d0f0ea16c1cca3') in 0.002508 seconds
  Import took 0.004790 seconds .

========================================================================
Received Import Request.
  Time since last request: 265.556670 seconds.
  path: Assets/Scripts/Spawner.cs
  artifactKey: Guid(19f656c6e5be83a47beee9d8bac7a08a) Importer(815301076,1909f56bfc062723c751e8b465ee728b)
Start importing Assets/Scripts/Spawner.cs using Guid(19f656c6e5be83a47beee9d8bac7a08a) Importer(815301076,1909f56bfc062723c751e8b465ee728b)  -> (artifact id: '6c21786379137dac0a4f0b4b8c74d2f7') in 0.002414 seconds
  Import took 0.004170 seconds .

========================================================================
Received Import Request.
  Time since last request: 7.006836 seconds.
  path: Assets/Scripts/Spawner.cs
  artifactKey: Guid(19f656c6e5be83a47beee9d8bac7a08a) Importer(815301076,1909f56bfc062723c751e8b465ee728b)
Start importing Assets/Scripts/Spawner.cs using Guid(19f656c6e5be83a47beee9d8bac7a08a) Importer(815301076,1909f56bfc062723c751e8b465ee728b)  -> (artifact id: 'b5a774ebb003568dae7dcce9d97ca275') in 0.002124 seconds
  Import took 0.003666 seconds .

========================================================================
Received Import Request.
  Time since last request: 50.175630 seconds.
  path: Assets/Scripts/Spawner.cs
  artifactKey: Guid(19f656c6e5be83a47beee9d8bac7a08a) Importer(815301076,1909f56bfc062723c751e8b465ee728b)
Start importing Assets/Scripts/Spawner.cs using Guid(19f656c6e5be83a47beee9d8bac7a08a) Importer(815301076,1909f56bfc062723c751e8b465ee728b)  -> (artifact id: '8fa1e094bd1f2156d33fa0c315e22a99') in 0.002315 seconds
  Import took 0.004346 seconds .

========================================================================
Received Prepare
Registering precompiled user dll's ...
Registered in 0.000534 seconds.
Begin MonoManager ReloadAssembly
Native extension for Lumin target not found
Native extension for WindowsStandalone target not found
Native extension for WebGL target not found
Refreshing native plugins compatible for Editor in 0.19 ms, found 0 plugins.
Preloading 0 native plugins for Editor in 0.00 ms.
Invoked RoslynAnalysisRunner static constructor.
RoslynAnalysisRunner will not be running.
RoslynAnalysisRunner has terminated.
Mono: successfully reloaded assembly
- Completed reload, in  0.626 seconds
Platform modules already initialized, skipping
Refreshing native plugins compatible for Editor in 0.21 ms, found 0 plugins.
Preloading 0 native plugins for Editor in 0.00 ms.
Unloading 1113 Unused Serialized files (Serialized files now loaded: 0)
System memory in use before: 57.5 MB.
System memory in use after: 57.6 MB.

Unloading 4 unused Assets to reduce memory usage. Loaded Objects now: 1564.
Total: 1.256500 ms (FindLiveObjects: 0.121800 ms CreateObjectMapping: 0.030800 ms MarkObjects: 1.089800 ms  DeleteObjects: 0.013400 ms)

========================================================================
Received Prepare
Registering precompiled user dll's ...
Registered in 0.000722 seconds.
Begin MonoManager ReloadAssembly
Native extension for Lumin target not found
Native extension for WindowsStandalone target not found
Native extension for WebGL target not found
Refreshing native plugins compatible for Editor in 0.18 ms, found 0 plugins.
Preloading 0 native plugins for Editor in 0.00 ms.
Invoked RoslynAnalysisRunner static constructor.
RoslynAnalysisRunner will not be running.
RoslynAnalysisRunner has terminated.
Mono: successfully reloaded assembly
- Completed reload, in  0.635 seconds
Platform modules already initialized, skipping
Refreshing native plugins compatible for Editor in 0.18 ms, found 0 plugins.
Preloading 0 native plugins for Editor in 0.00 ms.
Unloading 1113 Unused Serialized files (Serialized files now loaded: 0)
System memory in use before: 57.7 MB.
System memory in use after: 57.8 MB.

Unloading 4 unused Assets to reduce memory usage. Loaded Objects now: 1566.
Total: 1.227300 ms (FindLiveObjects: 0.101500 ms CreateObjectMapping: 0.025600 ms MarkObjects: 1.089400 ms  DeleteObjects: 0.010200 ms)

========================================================================
Received Import Request.
  Time since last request: 432.788649 seconds.
  path: Assets/Scripts/Spawner.cs
  artifactKey: Guid(19f656c6e5be83a47beee9d8bac7a08a) Importer(815301076,1909f56bfc062723c751e8b465ee728b)
Start importing Assets/Scripts/Spawner.cs using Guid(19f656c6e5be83a47beee9d8bac7a08a) Importer(815301076,1909f56bfc062723c751e8b465ee728b)  -> (artifact id: '5b17b13358d3b9aa1eaabbc13a938844') in 0.005339 seconds
  Import took 0.006858 seconds .

========================================================================
Received Prepare
Registering precompiled user dll's ...
Registered in 0.000571 seconds.
Begin MonoManager ReloadAssembly
Native extension for Lumin target not found
Native extension for WindowsStandalone target not found
Native extension for WebGL target not found
Refreshing native plugins compatible for Editor in 0.20 ms, found 0 plugins.
Preloading 0 native plugins for Editor in 0.00 ms.
Invoked RoslynAnalysisRunner static constructor.
RoslynAnalysisRunner will not be running.
RoslynAnalysisRunner has terminated.
Mono: successfully reloaded assembly
- Completed reload, in  0.637 seconds
Platform modules already initialized, skipping
Refreshing native plugins compatible for Editor in 0.18 ms, found 0 plugins.
Preloading 0 native plugins for Editor in 0.00 ms.
Unloading 1113 Unused Serialized files (Serialized files now loaded: 0)
System memory in use before: 58.0 MB.
System memory in use after: 58.1 MB.

Unloading 4 unused Assets to reduce memory usage. Loaded Objects now: 1568.
Total: 1.792100 ms (FindLiveObjects: 0.118100 ms CreateObjectMapping: 0.031600 ms MarkObjects: 1.630500 ms  DeleteObjects: 0.010900 ms)

========================================================================
Received Prepare
Registering precompiled user dll's ...
Registered in 0.000625 seconds.
Begin MonoManager ReloadAssembly
Native extension for Lumin target not found
Native extension for WindowsStandalone target not found
Native extension for WebGL target not found
Refreshing native plugins compatible for Editor in 0.20 ms, found 0 plugins.
Preloading 0 native plugins for Editor in 0.00 ms.
Invoked RoslynAnalysisRunner static constructor.
RoslynAnalysisRunner will not be running.
RoslynAnalysisRunner has terminated.
Mono: successfully reloaded assembly
- Completed reload, in  0.623 seconds
Platform modules already initialized, skipping
Refreshing native plugins compatible for Editor in 0.18 ms, found 0 plugins.
Preloading 0 native plugins for Editor in 0.00 ms.
Unloading 1113 Unused Serialized files (Serialized files now loaded: 0)
System memory in use before: 58.1 MB.
System memory in use after: 58.2 MB.

Unloading 4 unused Assets to reduce memory usage. Loaded Objects now: 1570.
Total: 1.371300 ms (FindLiveObjects: 0.120400 ms CreateObjectMapping: 0.025400 ms MarkObjects: 1.214900 ms  DeleteObjects: 0.010100 ms)

========================================================================
Received Prepare
Registering precompiled user dll's ...
Registered in 0.000549 seconds.
Begin MonoManager ReloadAssembly
Native extension for Lumin target not found
Native extension for WindowsStandalone target not found
Native extension for WebGL target not found
Refreshing native plugins compatible for Editor in 0.18 ms, found 0 plugins.
Preloading 0 native plugins for Editor in 0.00 ms.
Invoked RoslynAnalysisRunner static constructor.
RoslynAnalysisRunner will not be running.
RoslynAnalysisRunner has terminated.
Mono: successfully reloaded assembly
- Completed reload, in  0.628 seconds
Platform modules already initialized, skipping
Refreshing native plugins compatible for Editor in 0.19 ms, found 0 plugins.
Preloading 0 native plugins for Editor in 0.00 ms.
Unloading 1113 Unused Serialized files (Serialized files now loaded: 0)
System memory in use before: 58.4 MB.
System memory in use after: 58.5 MB.

Unloading 4 unused Assets to reduce memory usage. Loaded Objects now: 1572.
Total: 1.299100 ms (FindLiveObjects: 0.128400 ms CreateObjectMapping: 0.025800 ms MarkObjects: 1.132700 ms  DeleteObjects: 0.011600 ms)

========================================================================
Received Prepare
Registering precompiled user dll's ...
Registered in 0.000568 seconds.
Begin MonoManager ReloadAssembly
Native extension for Lumin target not found
Native extension for WindowsStandalone target not found
Native extension for WebGL target not found
Refreshing native plugins compatible for Editor in 0.18 ms, found 0 plugins.
Preloading 0 native plugins for Editor in 0.00 ms.
Invoked RoslynAnalysisRunner static constructor.
RoslynAnalysisRunner will not be running.
RoslynAnalysisRunner has terminated.
Mono: successfully reloaded assembly
- Completed reload, in  0.605 seconds
Platform modules already initialized, skipping
Refreshing native plugins compatible for Editor in 0.18 ms, found 0 plugins.
Preloading 0 native plugins for Editor in 0.00 ms.
Unloading 1113 Unused Serialized files (Serialized files now loaded: 0)
System memory in use before: 58.7 MB.
System memory in use after: 58.8 MB.

Unloading 4 unused Assets to reduce memory usage. Loaded Objects now: 1574.
Total: 1.360500 ms (FindLiveObjects: 0.107200 ms CreateObjectMapping: 0.028400 ms MarkObjects: 1.214600 ms  DeleteObjects: 0.009700 ms)

========================================================================
Received Import Request.
  Time since last request: 1333.783764 seconds.
  path: Assets/Scripts/AudioManager.cs
  artifactKey: Guid(93178d12f1ebb874f8f56ae26c5a8d91) Importer(815301076,1909f56bfc062723c751e8b465ee728b)
Start importing Assets/Scripts/AudioManager.cs using Guid(93178d12f1ebb874f8f56ae26c5a8d91) Importer(815301076,1909f56bfc062723c751e8b465ee728b)  -> (artifact id: 'e853c2336d4367a23eb524e2f7e491fa') in 0.009703 seconds
  Import took 0.012681 seconds .

========================================================================
Received Prepare
Registering precompiled user dll's ...
Registered in 0.000514 seconds.
Begin MonoManager ReloadAssembly
Native extension for Lumin target not found
Native extension for WindowsStandalone target not found
Native extension for WebGL target not found
Refreshing native plugins compatible for Editor in 0.19 ms, found 0 plugins.
Preloading 0 native plugins for Editor in 0.00 ms.
Invoked RoslynAnalysisRunner static constructor.
RoslynAnalysisRunner will not be running.
RoslynAnalysisRunner has terminated.
Mono: successfully reloaded assembly
- Completed reload, in  0.641 seconds
Platform modules already initialized, skipping
Refreshing native plugins compatible for Editor in 0.23 ms, found 0 plugins.
Preloading 0 native plugins for Editor in 0.00 ms.
Unloading 1114 Unused Serialized files (Serialized files now loaded: 0)
System memory in use before: 58.9 MB.
System memory in use after: 59.0 MB.

Unloading 4 unused Assets to reduce memory usage. Loaded Objects now: 1577.
Total: 1.966800 ms (FindLiveObjects: 0.122500 ms CreateObjectMapping: 0.032000 ms MarkObjects: 1.799200 ms  DeleteObjects: 0.012000 ms)

========================================================================
Received Prepare
Registering precompiled user dll's ...
Registered in 0.000517 seconds.
Begin MonoManager ReloadAssembly
Native extension for Lumin target not found
Native extension for WindowsStandalone target not found
Native extension for WebGL target not found
Refreshing native plugins compatible for Editor in 0.19 ms, found 0 plugins.
Preloading 0 native plugins for Editor in 0.00 ms.
Invoked RoslynAnalysisRunner static constructor.
RoslynAnalysisRunner will not be running.
RoslynAnalysisRunner has terminated.
Mono: successfully reloaded assembly
- Completed reload, in  0.653 seconds
Platform modules already initialized, skipping
Refreshing native plugins compatible for Editor in 0.20 ms, found 0 plugins.
Preloading 0 native plugins for Editor in 0.00 ms.
Unloading 1113 Unused Serialized files (Serialized files now loaded: 0)
System memory in use before: 59.1 MB.
System memory in use after: 59.2 MB.

Unloading 5 unused Assets to reduce memory usage. Loaded Objects now: 1578.
Total: 1.604000 ms (FindLiveObjects: 0.153100 ms CreateObjectMapping: 0.036900 ms MarkObjects: 1.398400 ms  DeleteObjects: 0.014800 ms)

========================================================================
Received Import Request.
  Time since last request: 319.977974 seconds.
  path: Assets/Scripts/Spawner.cs
  artifactKey: Guid(19f656c6e5be83a47beee9d8bac7a08a) Importer(815301076,1909f56bfc062723c751e8b465ee728b)
Start importing Assets/Scripts/Spawner.cs using Guid(19f656c6e5be83a47beee9d8bac7a08a) Importer(815301076,1909f56bfc062723c751e8b465ee728b)  -> (artifact id: 'e47743bc4fcba20dfa8917465879b522') in 0.006587 seconds
  Import took 0.008375 seconds .

========================================================================
Received Import Request.
  Time since last request: 0.021548 seconds.
  path: Assets/Scripts/Spawner.cs
  artifactKey: Guid(19f656c6e5be83a47beee9d8bac7a08a) Importer(815301076,1909f56bfc062723c751e8b465ee728b)
Start importing Assets/Scripts/Spawner.cs using Guid(19f656c6e5be83a47beee9d8bac7a08a) Importer(815301076,1909f56bfc062723c751e8b465ee728b)  -> (artifact id: 'e47743bc4fcba20dfa8917465879b522') in 0.002148 seconds
  Import took 0.003804 seconds .

========================================================================
Received Import Request.
  Time since last request: 894.613302 seconds.
  path: Assets/Prefabs/Slicer.prefab
  artifactKey: Guid(18a769f1dd587ce428db5c3e1f764683) Importer(815301076,1909f56bfc062723c751e8b465ee728b)
Start importing Assets/Prefabs/Slicer.prefab using Guid(18a769f1dd587ce428db5c3e1f764683) Importer(815301076,1909f56bfc062723c751e8b465ee728b)  -> (artifact id: '30033f16d34de8ad7ab25e54a64faa45') in 0.029165 seconds
  Import took 0.031093 seconds .

========================================================================
Received Import Request.
  Time since last request: 2.882012 seconds.
  path: Assets/Fruity Framework
  artifactKey: Guid(6b919d2f82fe2b84bbc5ce6172698499) Importer(815301076,1909f56bfc062723c751e8b465ee728b)
Start importing Assets/Fruity Framework using Guid(6b919d2f82fe2b84bbc5ce6172698499) Importer(815301076,1909f56bfc062723c751e8b465ee728b)  -> (artifact id: '3c1f5a161d53b9f4da3fc6db470e1015') in 0.005906 seconds
  Import took 0.007541 seconds .

========================================================================
Received Import Request.
  Time since last request: 5.828289 seconds.
  path: Assets/Fruity Framework/Audio
  artifactKey: Guid(2b781ab4b1648254c8b262da28a371e7) Importer(815301076,1909f56bfc062723c751e8b465ee728b)
Start importing Assets/Fruity Framework/Audio using Guid(2b781ab4b1648254c8b262da28a371e7) Importer(815301076,1909f56bfc062723c751e8b465ee728b)  -> (artifact id: 'aa563030ab75e1c32d3e0c794fdb6f3a') in 0.005920 seconds
  Import took 0.007599 seconds .

========================================================================
Received Import Request.
  Time since last request: 259.122478 seconds.
  path: Assets/Fruity Framework/Audio/MainMixer.mixer
  artifactKey: Guid(cd67e485dae62c449b48b8edf4f8c8d9) Importer(815301076,1909f56bfc062723c751e8b465ee728b)
Start importing Assets/Fruity Framework/Audio/MainMixer.mixer using Guid(cd67e485dae62c449b48b8edf4f8c8d9) Importer(815301076,1909f56bfc062723c751e8b465ee728b)  -> (artifact id: '107dcea7ab5833bc10207d90c783251a') in 0.008842 seconds
  Import took 0.010516 seconds .

========================================================================
Received Import Request.
  Time since last request: 0.006159 seconds.
  path: Assets/Fruity Framework/Audio/MainMixer.mixer
  artifactKey: Guid(cd67e485dae62c449b48b8edf4f8c8d9) Importer(815301076,1909f56bfc062723c751e8b465ee728b)
Start importing Assets/Fruity Framework/Audio/MainMixer.mixer using Guid(cd67e485dae62c449b48b8edf4f8c8d9) Importer(815301076,1909f56bfc062723c751e8b465ee728b)  -> (artifact id: '107dcea7ab5833bc10207d90c783251a') in 0.002910 seconds
  Import took 0.004527 seconds .

========================================================================
Received Import Request.
  Time since last request: 262.289679 seconds.
  path: Assets/Fruity Framework/Audio/MainMixer.mixer
  artifactKey: Guid(cd67e485dae62c449b48b8edf4f8c8d9) Importer(815301076,1909f56bfc062723c751e8b465ee728b)
Start importing Assets/Fruity Framework/Audio/MainMixer.mixer using Guid(cd67e485dae62c449b48b8edf4f8c8d9) Importer(815301076,1909f56bfc062723c751e8b465ee728b)  -> (artifact id: '76af21727ebc4a56b60637f42876b527') in 0.002771 seconds
  Import took 0.004580 seconds .

========================================================================
Received Import Request.
  Time since last request: 0.012715 seconds.
  path: Assets/Fruity Framework/Audio/MainMixer.mixer
  artifactKey: Guid(cd67e485dae62c449b48b8edf4f8c8d9) Importer(815301076,1909f56bfc062723c751e8b465ee728b)
Start importing Assets/Fruity Framework/Audio/MainMixer.mixer using Guid(cd67e485dae62c449b48b8edf4f8c8d9) Importer(815301076,1909f56bfc062723c751e8b465ee728b)  -> (artifact id: '76af21727ebc4a56b60637f42876b527') in 0.002614 seconds
  Import took 0.004370 seconds .

========================================================================
Received Import Request.
  Time since last request: 5.719866 seconds.
  path: Assets/Fruity Framework/Audio/MainMixer.mixer
  artifactKey: Guid(cd67e485dae62c449b48b8edf4f8c8d9) Importer(815301076,1909f56bfc062723c751e8b465ee728b)
Start importing Assets/Fruity Framework/Audio/MainMixer.mixer using Guid(cd67e485dae62c449b48b8edf4f8c8d9) Importer(815301076,1909f56bfc062723c751e8b465ee728b)  -> (artifact id: '1c23f30d7f5e8d9222148bff8aef1e2d') in 0.002700 seconds
  Import took 0.004462 seconds .

========================================================================
Received Import Request.
  Time since last request: 0.016760 seconds.
  path: Assets/Fruity Framework/Audio/MainMixer.mixer
  artifactKey: Guid(cd67e485dae62c449b48b8edf4f8c8d9) Importer(815301076,1909f56bfc062723c751e8b465ee728b)
Start importing Assets/Fruity Framework/Audio/MainMixer.mixer using Guid(cd67e485dae62c449b48b8edf4f8c8d9) Importer(815301076,1909f56bfc062723c751e8b465ee728b)  -> (artifact id: '1c23f30d7f5e8d9222148bff8aef1e2d') in 0.003017 seconds
  Import took 0.005026 seconds .

========================================================================
Received Import Request.
  Time since last request: 172.688921 seconds.
  path: Assets/Fruity Framework/Audio/MainMixer.mixer
  artifactKey: Guid(cd67e485dae62c449b48b8edf4f8c8d9) Importer(815301076,1909f56bfc062723c751e8b465ee728b)
Start importing Assets/Fruity Framework/Audio/MainMixer.mixer using Guid(cd67e485dae62c449b48b8edf4f8c8d9) Importer(815301076,1909f56bfc062723c751e8b465ee728b)  -> (artifact id: '2697cd7a536a57cd0e2166c23655934b') in 0.003263 seconds
  Import took 0.005035 seconds .

========================================================================
Received Import Request.
  Time since last request: 0.015074 seconds.
  path: Assets/Fruity Framework/Audio/MainMixer.mixer
  artifactKey: Guid(cd67e485dae62c449b48b8edf4f8c8d9) Importer(815301076,1909f56bfc062723c751e8b465ee728b)
Start importing Assets/Fruity Framework/Audio/MainMixer.mixer using Guid(cd67e485dae62c449b48b8edf4f8c8d9) Importer(815301076,1909f56bfc062723c751e8b465ee728b)  -> (artifact id: '2697cd7a536a57cd0e2166c23655934b') in 0.002540 seconds
  Import took 0.004119 seconds .

========================================================================
Received Import Request.
  Time since last request: 11.419413 seconds.
  path: Assets/Fruity Framework/Audio/MainMixer.mixer
  artifactKey: Guid(cd67e485dae62c449b48b8edf4f8c8d9) Importer(815301076,1909f56bfc062723c751e8b465ee728b)
Start importing Assets/Fruity Framework/Audio/MainMixer.mixer using Guid(cd67e485dae62c449b48b8edf4f8c8d9) Importer(815301076,1909f56bfc062723c751e8b465ee728b)  -> (artifact id: 'af103df19519be1dc8417350a5010cde') in 0.002735 seconds
  Import took 0.004217 seconds .

========================================================================
Received Import Request.
  Time since last request: 0.019803 seconds.
  path: Assets/Fruity Framework/Audio/MainMixer.mixer
  artifactKey: Guid(cd67e485dae62c449b48b8edf4f8c8d9) Importer(815301076,1909f56bfc062723c751e8b465ee728b)
Start importing Assets/Fruity Framework/Audio/MainMixer.mixer using Guid(cd67e485dae62c449b48b8edf4f8c8d9) Importer(815301076,1909f56bfc062723c751e8b465ee728b)  -> (artifact id: 'af103df19519be1dc8417350a5010cde') in 0.002958 seconds
  Import took 0.004452 seconds .

========================================================================
Received Prepare
Registering precompiled user dll's ...
Registered in 0.000605 seconds.
Begin MonoManager ReloadAssembly
Native extension for Lumin target not found
Native extension for WindowsStandalone target not found
Native extension for WebGL target not found
Refreshing native plugins compatible for Editor in 0.18 ms, found 0 plugins.
Preloading 0 native plugins for Editor in 0.00 ms.
Invoked RoslynAnalysisRunner static constructor.
RoslynAnalysisRunner will not be running.
RoslynAnalysisRunner has terminated.
Mono: successfully reloaded assembly
- Completed reload, in  0.806 seconds
Platform modules already initialized, skipping
Refreshing native plugins compatible for Editor in 0.20 ms, found 0 plugins.
Preloading 0 native plugins for Editor in 0.00 ms.
Unloading 1113 Unused Serialized files (Serialized files now loaded: 0)
System memory in use before: 58.4 MB.
System memory in use after: 58.5 MB.

Unloading 4 unused Assets to reduce memory usage. Loaded Objects now: 1580.
Total: 1.593600 ms (FindLiveObjects: 0.192600 ms CreateObjectMapping: 0.048700 ms MarkObjects: 1.336600 ms  DeleteObjects: 0.014800 ms)

========================================================================
Received Prepare
Registering precompiled user dll's ...
Registered in 0.000523 seconds.
Begin MonoManager ReloadAssembly
Native extension for Lumin target not found
Native extension for WindowsStandalone target not found
Native extension for WebGL target not found
Refreshing native plugins compatible for Editor in 0.18 ms, found 0 plugins.
Preloading 0 native plugins for Editor in 0.00 ms.
Invoked RoslynAnalysisRunner static constructor.
RoslynAnalysisRunner will not be running.
RoslynAnalysisRunner has terminated.
Mono: successfully reloaded assembly
- Completed reload, in  0.632 seconds
Platform modules already initialized, skipping
Refreshing native plugins compatible for Editor in 0.18 ms, found 0 plugins.
Preloading 0 native plugins for Editor in 0.00 ms.
Unloading 1113 Unused Serialized files (Serialized files now loaded: 0)
System memory in use before: 58.6 MB.
System memory in use after: 58.7 MB.

Unloading 4 unused Assets to reduce memory usage. Loaded Objects now: 1582.
Total: 1.504200 ms (FindLiveObjects: 0.107500 ms CreateObjectMapping: 0.026900 ms MarkObjects: 1.357800 ms  DeleteObjects: 0.011400 ms)

========================================================================
Received Import Request.
  Time since last request: 1559.334279 seconds.
  path: Assets/Fruity Framework/Audio/MainMixer.mixer
  artifactKey: Guid(cd67e485dae62c449b48b8edf4f8c8d9) Importer(815301076,1909f56bfc062723c751e8b465ee728b)
Start importing Assets/Fruity Framework/Audio/MainMixer.mixer using Guid(cd67e485dae62c449b48b8edf4f8c8d9) Importer(815301076,1909f56bfc062723c751e8b465ee728b)  -> (artifact id: '4caedfc16bc49a97bf3482e9e32da31d') in 0.014162 seconds
  Import took 0.016062 seconds .

========================================================================
Received Import Request.
  Time since last request: 20.286505 seconds.
  path: Assets/Fruity Framework/Audio/Indore.mp3
  artifactKey: Guid(e97c24b6c3cc48e4685138bc6fb844ab) Importer(815301076,1909f56bfc062723c751e8b465ee728b)
Start importing Assets/Fruity Framework/Audio/Indore.mp3 using Guid(e97c24b6c3cc48e4685138bc6fb844ab) Importer(815301076,1909f56bfc062723c751e8b465ee728b)  -> (artifact id: '093424a74c8e1126ed3f429fa79e842b') in 0.060289 seconds
  Import took 0.061985 seconds .

========================================================================
Received Prepare
Registering precompiled user dll's ...
Registered in 0.000561 seconds.
Begin MonoManager ReloadAssembly
Native extension for Lumin target not found
Native extension for WindowsStandalone target not found
Native extension for WebGL target not found
Refreshing native plugins compatible for Editor in 0.19 ms, found 0 plugins.
Preloading 0 native plugins for Editor in 0.00 ms.
Invoked RoslynAnalysisRunner static constructor.
RoslynAnalysisRunner will not be running.
RoslynAnalysisRunner has terminated.
Mono: successfully reloaded assembly
- Completed reload, in  0.624 seconds
Platform modules already initialized, skipping
Refreshing native plugins compatible for Editor in 0.18 ms, found 0 plugins.
Preloading 0 native plugins for Editor in 0.00 ms.
Unloading 1113 Unused Serialized files (Serialized files now loaded: 0)
System memory in use before: 62.0 MB.
System memory in use after: 62.1 MB.

Unloading 4 unused Assets to reduce memory usage. Loaded Objects now: 1593.
Total: 1.562600 ms (FindLiveObjects: 0.194700 ms CreateObjectMapping: 0.058900 ms MarkObjects: 1.298300 ms  DeleteObjects: 0.010100 ms)

========================================================================
Received Prepare
Registering precompiled user dll's ...
Registered in 0.000519 seconds.
Begin MonoManager ReloadAssembly
Native extension for Lumin target not found
Native extension for WindowsStandalone target not found
Native extension for WebGL target not found
Refreshing native plugins compatible for Editor in 0.18 ms, found 0 plugins.
Preloading 0 native plugins for Editor in 0.00 ms.
Invoked RoslynAnalysisRunner static constructor.
RoslynAnalysisRunner will not be running.
RoslynAnalysisRunner has terminated.
Mono: successfully reloaded assembly
- Completed reload, in  0.592 seconds
Platform modules already initialized, skipping
Refreshing native plugins compatible for Editor in 0.19 ms, found 0 plugins.
Preloading 0 native plugins for Editor in 0.00 ms.
Unloading 1113 Unused Serialized files (Serialized files now loaded: 0)
System memory in use before: 62.2 MB.
System memory in use after: 62.3 MB.

Unloading 4 unused Assets to reduce memory usage. Loaded Objects now: 1595.
Total: 1.410600 ms (FindLiveObjects: 0.148500 ms CreateObjectMapping: 0.037100 ms MarkObjects: 1.212600 ms  DeleteObjects: 0.011800 ms)

========================================================================
Received Import Request.
  Time since last request: 632.648024 seconds.
  path: Assets/Fruity Framework/Audio/fat-zombie-smash-1-sound-effect-69525147.mp3
  artifactKey: Guid(744dc16e20f4ed9489d0bcd36c0221a7) Importer(815301076,1909f56bfc062723c751e8b465ee728b)
Start importing Assets/Fruity Framework/Audio/fat-zombie-smash-1-sound-effect-69525147.mp3 using Guid(744dc16e20f4ed9489d0bcd36c0221a7) Importer(815301076,1909f56bfc062723c751e8b465ee728b)  -> (artifact id: '9553a48de9efc740140b0b6753d366db') in 0.037324 seconds
  Import took 0.038991 seconds .

========================================================================
Received Prepare
Registering precompiled user dll's ...
Registered in 0.000535 seconds.
Begin MonoManager ReloadAssembly
Native extension for Lumin target not found
Native extension for WindowsStandalone target not found
Native extension for WebGL target not found
Refreshing native plugins compatible for Editor in 0.18 ms, found 0 plugins.
Preloading 0 native plugins for Editor in 0.00 ms.
Invoked RoslynAnalysisRunner static constructor.
RoslynAnalysisRunner will not be running.
RoslynAnalysisRunner has terminated.
Mono: successfully reloaded assembly
- Completed reload, in  0.634 seconds
Platform modules already initialized, skipping
Refreshing native plugins compatible for Editor in 0.19 ms, found 0 plugins.
Preloading 0 native plugins for Editor in 0.00 ms.
Unloading 1113 Unused Serialized files (Serialized files now loaded: 0)
System memory in use before: 62.3 MB.
System memory in use after: 62.4 MB.

Unloading 4 unused Assets to reduce memory usage. Loaded Objects now: 1598.
Total: 1.265000 ms (FindLiveObjects: 0.113900 ms CreateObjectMapping: 0.028700 ms MarkObjects: 1.111200 ms  DeleteObjects: 0.010500 ms)

========================================================================
Received Import Request.
  Time since last request: 612.182569 seconds.
  path: Assets/Fruity Framework/Audio/MainMixer.mixer
  artifactKey: Guid(cd67e485dae62c449b48b8edf4f8c8d9) Importer(815301076,1909f56bfc062723c751e8b465ee728b)
Start importing Assets/Fruity Framework/Audio/MainMixer.mixer using Guid(cd67e485dae62c449b48b8edf4f8c8d9) Importer(815301076,1909f56bfc062723c751e8b465ee728b)  -> (artifact id: '961683364e76904aec974a62ff4b18d9') in 0.010260 seconds
  Import took 0.012199 seconds .

========================================================================
Received Prepare
Registering precompiled user dll's ...
Registered in 0.000593 seconds.
Begin MonoManager ReloadAssembly
Native extension for Lumin target not found
Native extension for WindowsStandalone target not found
Native extension for WebGL target not found
Refreshing native plugins compatible for Editor in 0.20 ms, found 0 plugins.
Preloading 0 native plugins for Editor in 0.00 ms.
Invoked RoslynAnalysisRunner static constructor.
RoslynAnalysisRunner will not be running.
RoslynAnalysisRunner has terminated.
Mono: successfully reloaded assembly
- Completed reload, in  0.637 seconds
Platform modules already initialized, skipping
Refreshing native plugins compatible for Editor in 0.18 ms, found 0 plugins.
Preloading 0 native plugins for Editor in 0.00 ms.
Unloading 1113 Unused Serialized files (Serialized files now loaded: 0)
System memory in use before: 61.7 MB.
System memory in use after: 61.8 MB.

Unloading 4 unused Assets to reduce memory usage. Loaded Objects now: 1600.
Total: 1.289500 ms (FindLiveObjects: 0.113900 ms CreateObjectMapping: 0.028700 ms MarkObjects: 1.135800 ms  DeleteObjects: 0.010500 ms)

========================================================================
Received Prepare
Registering precompiled user dll's ...
Registered in 0.000560 seconds.
Begin MonoManager ReloadAssembly
Native extension for Lumin target not found
Native extension for WindowsStandalone target not found
Native extension for WebGL target not found
Refreshing native plugins compatible for Editor in 0.20 ms, found 0 plugins.
Preloading 0 native plugins for Editor in 0.00 ms.
Invoked RoslynAnalysisRunner static constructor.
RoslynAnalysisRunner will not be running.
RoslynAnalysisRunner has terminated.
Mono: successfully reloaded assembly
- Completed reload, in  0.617 seconds
Platform modules already initialized, skipping
Refreshing native plugins compatible for Editor in 0.19 ms, found 0 plugins.
Preloading 0 native plugins for Editor in 0.00 ms.
Unloading 1113 Unused Serialized files (Serialized files now loaded: 0)
System memory in use before: 61.9 MB.
System memory in use after: 62.0 MB.

Unloading 4 unused Assets to reduce memory usage. Loaded Objects now: 1602.
Total: 1.735500 ms (FindLiveObjects: 0.170400 ms CreateObjectMapping: 0.045800 ms MarkObjects: 1.508000 ms  DeleteObjects: 0.010400 ms)

========================================================================
Received Prepare
Registering precompiled user dll's ...
Registered in 0.000630 seconds.
Begin MonoManager ReloadAssembly
Native extension for Lumin target not found
Native extension for WindowsStandalone target not found
Native extension for WebGL target not found
Refreshing native plugins compatible for Editor in 0.20 ms, found 0 plugins.
Preloading 0 native plugins for Editor in 0.00 ms.
Invoked RoslynAnalysisRunner static constructor.
RoslynAnalysisRunner will not be running.
RoslynAnalysisRunner has terminated.
Mono: successfully reloaded assembly
- Completed reload, in  0.653 seconds
Platform modules already initialized, skipping
Refreshing native plugins compatible for Editor in 0.18 ms, found 0 plugins.
Preloading 0 native plugins for Editor in 0.00 ms.
Unloading 1113 Unused Serialized files (Serialized files now loaded: 0)
System memory in use before: 62.2 MB.
System memory in use after: 62.3 MB.

Unloading 4 unused Assets to reduce memory usage. Loaded Objects now: 1604.
Total: 1.305200 ms (FindLiveObjects: 0.119900 ms CreateObjectMapping: 0.029200 ms MarkObjects: 1.143400 ms  DeleteObjects: 0.011900 ms)

========================================================================
Received Prepare
Registering precompiled user dll's ...
Registered in 0.000580 seconds.
Begin MonoManager ReloadAssembly
Native extension for Lumin target not found
Native extension for WindowsStandalone target not found
Native extension for WebGL target not found
Refreshing native plugins compatible for Editor in 0.18 ms, found 0 plugins.
Preloading 0 native plugins for Editor in 0.00 ms.
Invoked RoslynAnalysisRunner static constructor.
RoslynAnalysisRunner will not be running.
RoslynAnalysisRunner has terminated.
Mono: successfully reloaded assembly
- Completed reload, in  0.611 seconds
Platform modules already initialized, skipping
Refreshing native plugins compatible for Editor in 0.19 ms, found 0 plugins.
Preloading 0 native plugins for Editor in 0.00 ms.
Unloading 1113 Unused Serialized files (Serialized files now loaded: 0)
System memory in use before: 62.3 MB.
System memory in use after: 62.4 MB.

Unloading 4 unused Assets to reduce memory usage. Loaded Objects now: 1606.
Total: 1.379500 ms (FindLiveObjects: 0.121800 ms CreateObjectMapping: 0.031200 ms MarkObjects: 1.215400 ms  DeleteObjects: 0.010400 ms)

========================================================================
Received Prepare
Registering precompiled user dll's ...
Registered in 0.000513 seconds.
Begin MonoManager ReloadAssembly
Native extension for Lumin target not found
Native extension for WindowsStandalone target not found
Native extension for WebGL target not found
Refreshing native plugins compatible for Editor in 0.21 ms, found 0 plugins.
Preloading 0 native plugins for Editor in 0.00 ms.
Invoked RoslynAnalysisRunner static constructor.
RoslynAnalysisRunner will not be running.
RoslynAnalysisRunner has terminated.
Mono: successfully reloaded assembly
- Completed reload, in  0.628 seconds
Platform modules already initialized, skipping
Refreshing native plugins compatible for Editor in 0.18 ms, found 0 plugins.
Preloading 0 native plugins for Editor in 0.00 ms.
Unloading 1113 Unused Serialized files (Serialized files now loaded: 0)
System memory in use before: 61.6 MB.
System memory in use after: 61.7 MB.

Unloading 4 unused Assets to reduce memory usage. Loaded Objects now: 1608.
Total: 1.484200 ms (FindLiveObjects: 0.132900 ms CreateObjectMapping: 0.027300 ms MarkObjects: 1.313300 ms  DeleteObjects: 0.009900 ms)

========================================================================
Received Prepare
Registering precompiled user dll's ...
Registered in 0.000606 seconds.
Begin MonoManager ReloadAssembly
Native extension for Lumin target not found
Native extension for WindowsStandalone target not found
Native extension for WebGL target not found
Refreshing native plugins compatible for Editor in 0.23 ms, found 0 plugins.
Preloading 0 native plugins for Editor in 0.00 ms.
Invoked RoslynAnalysisRunner static constructor.
RoslynAnalysisRunner will not be running.
RoslynAnalysisRunner has terminated.
Mono: successfully reloaded assembly
- Completed reload, in  0.609 seconds
Platform modules already initialized, skipping
Refreshing native plugins compatible for Editor in 0.18 ms, found 0 plugins.
Preloading 0 native plugins for Editor in 0.00 ms.
Unloading 1113 Unused Serialized files (Serialized files now loaded: 0)
System memory in use before: 61.9 MB.
System memory in use after: 62.0 MB.

Unloading 4 unused Assets to reduce memory usage. Loaded Objects now: 1610.
Total: 1.624600 ms (FindLiveObjects: 0.120100 ms CreateObjectMapping: 0.028500 ms MarkObjects: 1.464300 ms  DeleteObjects: 0.010900 ms)

========================================================================
Received Prepare
Registering precompiled user dll's ...
Registered in 0.000581 seconds.
Begin MonoManager ReloadAssembly
Native extension for Lumin target not found
Native extension for WindowsStandalone target not found
Native extension for WebGL target not found
Refreshing native plugins compatible for Editor in 0.18 ms, found 0 plugins.
Preloading 0 native plugins for Editor in 0.00 ms.
Invoked RoslynAnalysisRunner static constructor.
RoslynAnalysisRunner will not be running.
RoslynAnalysisRunner has terminated.
Mono: successfully reloaded assembly
- Completed reload, in  0.597 seconds
Platform modules already initialized, skipping
Refreshing native plugins compatible for Editor in 0.18 ms, found 0 plugins.
Preloading 0 native plugins for Editor in 0.00 ms.
Unloading 1113 Unused Serialized files (Serialized files now loaded: 0)
System memory in use before: 62.1 MB.
System memory in use after: 62.2 MB.

Unloading 4 unused Assets to reduce memory usage. Loaded Objects now: 1612.
Total: 1.444500 ms (FindLiveObjects: 0.120700 ms CreateObjectMapping: 0.026200 ms MarkObjects: 1.286800 ms  DeleteObjects: 0.010100 ms)

========================================================================
Received Prepare
Refreshing native plugins compatible for Editor in 0.68 ms, found 0 plugins.
Preloading 0 native plugins for Editor in 0.00 ms.
Unloading 2 Unused Serialized files (Serialized files now loaded: 0)
System memory in use before: 40.3 MB.
System memory in use after: 40.4 MB.

Unloading 2 unused Assets to reduce memory usage. Loaded Objects now: 1612.
Total: 1.454800 ms (FindLiveObjects: 0.117700 ms CreateObjectMapping: 0.031200 ms MarkObjects: 1.298600 ms  DeleteObjects: 0.006800 ms)

========================================================================
Received Prepare
Registering precompiled user dll's ...
Registered in 0.000485 seconds.
Begin MonoManager ReloadAssembly
Native extension for Lumin target not found
Native extension for WindowsStandalone target not found
Native extension for WebGL target not found
Refreshing native plugins compatible for Editor in 0.19 ms, found 0 plugins.
Preloading 0 native plugins for Editor in 0.00 ms.
Invoked RoslynAnalysisRunner static constructor.
RoslynAnalysisRunner will not be running.
RoslynAnalysisRunner has terminated.
Mono: successfully reloaded assembly
- Completed reload, in  0.794 seconds
Platform modules already initialized, skipping
Switching build target platform(5) subTarget(0) extendedPlatform(0) -> platform(13) subTarget(537395200) extendedPlatform(0)
Refreshing native plugins compatible for Editor in 0.18 ms, found 0 plugins.
Preloading 0 native plugins for Editor in 0.00 ms.
Unloading 1117 Unused Serialized files (Serialized files now loaded: 0)
System memory in use before: 61.2 MB.
System memory in use after: 61.3 MB.

Unloading 4 unused Assets to reduce memory usage. Loaded Objects now: 1614.
Total: 1.401300 ms (FindLiveObjects: 0.118000 ms CreateObjectMapping: 0.025200 ms MarkObjects: 1.246000 ms  DeleteObjects: 0.011500 ms)

AssetImportParameters requested are different than current active one (requested -> active):
  custom:graphics/normal-map-encoding: 01000000000000000000000000000000 -> 02000000000000000000000000000000
========================================================================
Received Prepare
Refreshing native plugins compatible for Editor in 0.66 ms, found 0 plugins.
Preloading 0 native plugins for Editor in 0.00 ms.
Unloading 2 Unused Serialized files (Serialized files now loaded: 0)
System memory in use before: 39.3 MB.
System memory in use after: 39.4 MB.

Unloading 2 unused Assets to reduce memory usage. Loaded Objects now: 1614.
Total: 1.373200 ms (FindLiveObjects: 0.114600 ms CreateObjectMapping: 0.027600 ms MarkObjects: 1.222000 ms  DeleteObjects: 0.008400 ms)

========================================================================
Received Import Request.
  Time since last request: 789.119551 seconds.
  path: Assets/Fruity Framework/Audio/fat-zombie-smash-1-sound-effect-69525147.mp3
  artifactKey: Guid(744dc16e20f4ed9489d0bcd36c0221a7) Importer(815301076,1909f56bfc062723c751e8b465ee728b)
Start importing Assets/Fruity Framework/Audio/fat-zombie-smash-1-sound-effect-69525147.mp3 using Guid(744dc16e20f4ed9489d0bcd36c0221a7) Importer(815301076,1909f56bfc062723c751e8b465ee728b)  -> (artifact id: 'f2e9fec417d968c24f2ea365b76824bb') in 0.037421 seconds
  Import took 0.039025 seconds .

========================================================================
Received Import Request.
  Time since last request: 0.000247 seconds.
  path: Assets/Fruity Framework/Audio/Indore.mp3
  artifactKey: Guid(e97c24b6c3cc48e4685138bc6fb844ab) Importer(815301076,1909f56bfc062723c751e8b465ee728b)
Start importing Assets/Fruity Framework/Audio/Indore.mp3 using Guid(e97c24b6c3cc48e4685138bc6fb844ab) Importer(815301076,1909f56bfc062723c751e8b465ee728b)  -> (artifact id: 'f6acde5ccb7986d872ae1b8d9a2b071a') in 0.011995 seconds
  Import took 0.013463 seconds .

AssetImportWorkerClient::OnTransportError - code=2 error=End of file
