Using pre-set license
Built from '2020.2/release' branch; Version is '2020.2.2f1 (068178b99f32) revision 426360'; Using compiler version '192528614'; Build Type 'Release'
OS: 'Windows 10 Home; OS build 19041.867; Version 2004; 64bit' Language: 'en' Physical Memory: 65466 MB
BatchMode: 1, IsHumanControllingUs: 0, StartBugReporterOnCrash: 0, Is64bit: 1, IsPro: 0

 COMMAND LINE ARGUMENTS:
C:\Users\ryana\Documents\Unity Games\2020.2.2f1\Editor\Unity.exe
-adb2
-batchMode
-noUpm
-name
AssetImportWorker0
-projectPath
C:/Users/ryana/Documents/GitHub/Fruit-Ninja-Clone
-logFile
Logs/AssetImportWorker0.log
-srvPort
56779
Successfully changed project path to: C:/Users/ryana/Documents/GitHub/Fruit-Ninja-Clone
C:/Users/ryana/Documents/GitHub/Fruit-Ninja-Clone
Using Asset Import Pipeline V2.
Refreshing native plugins compatible for Editor in 28.87 ms, found 0 plugins.
Preloading 0 native plugins for Editor in 0.00 ms.
Initialize engine version: 2020.2.2f1 (068178b99f32)
[Subsystems] Discovering subsystems at path C:/Users/ryana/Documents/Unity Games/2020.2.2f1/Editor/Data/Resources/UnitySubsystems
[Subsystems] Discovering subsystems at path C:/Users/ryana/Documents/GitHub/Fruit-Ninja-Clone/Assets
GfxDevice: creating device client; threaded=0
Direct3D:
    Version:  Direct3D 11.0 [level 11.1]
    Renderer: NVIDIA GeForce GTX 1080 (ID=0x1b80)
    Vendor:   
    VRAM:     8079 MB
    Driver:   27.21.14.6089
Initialize mono
Mono path[0] = 'C:/Users/ryana/Documents/Unity Games/2020.2.2f1/Editor/Data/Managed'
Mono path[1] = 'C:/Users/ryana/Documents/Unity Games/2020.2.2f1/Editor/Data/MonoBleedingEdge/lib/mono/unityjit'
Mono config path = 'C:/Users/ryana/Documents/Unity Games/2020.2.2f1/Editor/Data/MonoBleedingEdge/etc'
Using monoOptions --debugger-agent=transport=dt_socket,embedding=1,server=y,suspend=n,address=127.0.0.1:56832
Begin MonoManager ReloadAssembly
Registering precompiled unity dll's ...
Register platform support module: C:/Users/ryana/Documents/Unity Games/2020.2.2f1/Editor/Data/PlaybackEngines/WebGLSupport/UnityEditor.WebGL.Extensions.dll
Register platform support module: C:/Users/ryana/Documents/Unity Games/2020.2.2f1/Editor/Data/PlaybackEngines/WindowsStandaloneSupport/UnityEditor.WindowsStandalone.Extensions.dll
Register platform support module: C:/Users/ryana/Documents/Unity Games/2020.2.2f1/Editor/Data/PlaybackEngines/LuminSupport/UnityEditor.Lumin.Extensions.dll
Registered in 0.182774 seconds.
Native extension for Lumin target not found
Native extension for WindowsStandalone target not found
Native extension for WebGL target not found
Refreshing native plugins compatible for Editor in 22.53 ms, found 0 plugins.
Preloading 0 native plugins for Editor in 0.00 ms.
Invoked RoslynAnalysisRunner static constructor.
RoslynAnalysisRunner will not be running.
RoslynAnalysisRunner has terminated.
Mono: successfully reloaded assembly
- Completed reload, in  2.866 seconds
Platform modules already initialized, skipping
Registering precompiled user dll's ...
Registered in 0.040174 seconds.
Begin MonoManager ReloadAssembly
Native extension for Lumin target not found
Native extension for WindowsStandalone target not found
Native extension for WebGL target not found
Refreshing native plugins compatible for Editor in 0.18 ms, found 0 plugins.
Preloading 0 native plugins for Editor in 0.00 ms.
Invoked RoslynAnalysisRunner static constructor.
RoslynAnalysisRunner will not be running.
RoslynAnalysisRunner has terminated.
Mono: successfully reloaded assembly
- Completed reload, in  1.473 seconds
Platform modules already initialized, skipping
========================================================================
Worker process is ready to serve import requests
Launched and connected shader compiler UnityShaderCompiler.exe after 0.07 seconds
Refreshing native plugins compatible for Editor in 0.19 ms, found 0 plugins.
Preloading 0 native plugins for Editor in 0.00 ms.
Unloading 1117 Unused Serialized files (Serialized files now loaded: 0)
System memory in use before: 57.0 MB.
System memory in use after: 57.1 MB.

Unloading 9 unused Assets to reduce memory usage. Loaded Objects now: 1560.
Total: 1.598100 ms (FindLiveObjects: 0.133700 ms CreateObjectMapping: 0.033700 ms MarkObjects: 1.377600 ms  DeleteObjects: 0.052100 ms)

========================================================================
Received Import Request.
  path: Assets/Scripts/Vegetable.cs
  artifactKey: Guid(ded4b008829771845a199e9cda284dbc) Importer(815301076,1909f56bfc062723c751e8b465ee728b)
Start importing Assets/Scripts/Vegetable.cs using Guid(ded4b008829771845a199e9cda284dbc) Importer(815301076,1909f56bfc062723c751e8b465ee728b)  -> (artifact id: 'e9f047e40352f28dd30a78a86d55fa3a') in 0.073343 seconds
  Import took 0.074818 seconds .

========================================================================
Received Prepare
Registering precompiled user dll's ...
Registered in 0.000508 seconds.
Begin MonoManager ReloadAssembly
Native extension for Lumin target not found
Native extension for WindowsStandalone target not found
Native extension for WebGL target not found
Refreshing native plugins compatible for Editor in 0.18 ms, found 0 plugins.
Preloading 0 native plugins for Editor in 0.00 ms.
Invoked RoslynAnalysisRunner static constructor.
RoslynAnalysisRunner will not be running.
RoslynAnalysisRunner has terminated.
Mono: successfully reloaded assembly
- Completed reload, in  0.647 seconds
Platform modules already initialized, skipping
Refreshing native plugins compatible for Editor in 0.17 ms, found 0 plugins.
Preloading 0 native plugins for Editor in 0.00 ms.
Unloading 1111 Unused Serialized files (Serialized files now loaded: 0)
System memory in use before: 57.0 MB.
System memory in use after: 57.1 MB.

Unloading 4 unused Assets to reduce memory usage. Loaded Objects now: 1562.
Total: 1.488400 ms (FindLiveObjects: 0.133200 ms CreateObjectMapping: 0.036600 ms MarkObjects: 1.302900 ms  DeleteObjects: 0.014800 ms)

========================================================================
Received Prepare
Registering precompiled user dll's ...
Registered in 0.000550 seconds.
Begin MonoManager ReloadAssembly
Native extension for Lumin target not found
Native extension for WindowsStandalone target not found
Native extension for WebGL target not found
Refreshing native plugins compatible for Editor in 0.19 ms, found 0 plugins.
Preloading 0 native plugins for Editor in 0.00 ms.
Invoked RoslynAnalysisRunner static constructor.
RoslynAnalysisRunner will not be running.
RoslynAnalysisRunner has terminated.
Mono: successfully reloaded assembly
- Completed reload, in  0.616 seconds
Platform modules already initialized, skipping
Refreshing native plugins compatible for Editor in 0.17 ms, found 0 plugins.
Preloading 0 native plugins for Editor in 0.00 ms.
Unloading 1111 Unused Serialized files (Serialized files now loaded: 0)
System memory in use before: 57.2 MB.
System memory in use after: 57.3 MB.

Unloading 4 unused Assets to reduce memory usage. Loaded Objects now: 1564.
Total: 1.308400 ms (FindLiveObjects: 0.111600 ms CreateObjectMapping: 0.026600 ms MarkObjects: 1.156200 ms  DeleteObjects: 0.013100 ms)

========================================================================
Received Prepare
Registering precompiled user dll's ...
Registered in 0.000550 seconds.
Begin MonoManager ReloadAssembly
Native extension for Lumin target not found
Native extension for WindowsStandalone target not found
Native extension for WebGL target not found
Refreshing native plugins compatible for Editor in 0.28 ms, found 0 plugins.
Preloading 0 native plugins for Editor in 0.00 ms.
Invoked RoslynAnalysisRunner static constructor.
RoslynAnalysisRunner will not be running.
RoslynAnalysisRunner has terminated.
Mono: successfully reloaded assembly
- Completed reload, in  0.646 seconds
Platform modules already initialized, skipping
Refreshing native plugins compatible for Editor in 0.17 ms, found 0 plugins.
Preloading 0 native plugins for Editor in 0.00 ms.
Unloading 1111 Unused Serialized files (Serialized files now loaded: 0)
System memory in use before: 57.3 MB.
System memory in use after: 57.4 MB.

Unloading 4 unused Assets to reduce memory usage. Loaded Objects now: 1566.
Total: 1.561900 ms (FindLiveObjects: 0.103800 ms CreateObjectMapping: 0.033300 ms MarkObjects: 1.414100 ms  DeleteObjects: 0.010200 ms)

========================================================================
Received Prepare
Registering precompiled user dll's ...
Registered in 0.000525 seconds.
Begin MonoManager ReloadAssembly
Native extension for Lumin target not found
Native extension for WindowsStandalone target not found
Native extension for WebGL target not found
Refreshing native plugins compatible for Editor in 0.19 ms, found 0 plugins.
Preloading 0 native plugins for Editor in 0.00 ms.
Invoked RoslynAnalysisRunner static constructor.
RoslynAnalysisRunner will not be running.
RoslynAnalysisRunner has terminated.
Mono: successfully reloaded assembly
- Completed reload, in  0.627 seconds
Platform modules already initialized, skipping
Refreshing native plugins compatible for Editor in 0.18 ms, found 0 plugins.
Preloading 0 native plugins for Editor in 0.00 ms.
Unloading 1111 Unused Serialized files (Serialized files now loaded: 0)
System memory in use before: 57.5 MB.
System memory in use after: 57.6 MB.

Unloading 4 unused Assets to reduce memory usage. Loaded Objects now: 1568.
Total: 1.518900 ms (FindLiveObjects: 0.099000 ms CreateObjectMapping: 0.029400 ms MarkObjects: 1.380100 ms  DeleteObjects: 0.009700 ms)

========================================================================
Received Prepare
Registering precompiled user dll's ...
Registered in 0.000521 seconds.
Begin MonoManager ReloadAssembly
Native extension for Lumin target not found
Native extension for WindowsStandalone target not found
Native extension for WebGL target not found
Refreshing native plugins compatible for Editor in 0.18 ms, found 0 plugins.
Preloading 0 native plugins for Editor in 0.00 ms.
Invoked RoslynAnalysisRunner static constructor.
RoslynAnalysisRunner will not be running.
RoslynAnalysisRunner has terminated.
Mono: successfully reloaded assembly
- Completed reload, in  0.623 seconds
Platform modules already initialized, skipping
Refreshing native plugins compatible for Editor in 0.17 ms, found 0 plugins.
Preloading 0 native plugins for Editor in 0.00 ms.
Unloading 1111 Unused Serialized files (Serialized files now loaded: 0)
System memory in use before: 57.6 MB.
System memory in use after: 57.7 MB.

Unloading 4 unused Assets to reduce memory usage. Loaded Objects now: 1570.
Total: 1.352300 ms (FindLiveObjects: 0.123600 ms CreateObjectMapping: 0.037500 ms MarkObjects: 1.181300 ms  DeleteObjects: 0.009200 ms)

========================================================================
Received Prepare
Registering precompiled user dll's ...
Registered in 0.000575 seconds.
Begin MonoManager ReloadAssembly
Native extension for Lumin target not found
Native extension for WindowsStandalone target not found
Native extension for WebGL target not found
Refreshing native plugins compatible for Editor in 0.19 ms, found 0 plugins.
Preloading 0 native plugins for Editor in 0.00 ms.
Invoked RoslynAnalysisRunner static constructor.
RoslynAnalysisRunner will not be running.
RoslynAnalysisRunner has terminated.
Mono: successfully reloaded assembly
- Completed reload, in  0.608 seconds
Platform modules already initialized, skipping
Refreshing native plugins compatible for Editor in 0.18 ms, found 0 plugins.
Preloading 0 native plugins for Editor in 0.00 ms.
Unloading 1111 Unused Serialized files (Serialized files now loaded: 0)
System memory in use before: 57.7 MB.
System memory in use after: 57.8 MB.

Unloading 4 unused Assets to reduce memory usage. Loaded Objects now: 1572.
Total: 1.576800 ms (FindLiveObjects: 0.132200 ms CreateObjectMapping: 0.026500 ms MarkObjects: 1.406800 ms  DeleteObjects: 0.010300 ms)

========================================================================
Received Prepare
Registering precompiled user dll's ...
Registered in 0.000508 seconds.
Begin MonoManager ReloadAssembly
Native extension for Lumin target not found
Native extension for WindowsStandalone target not found
Native extension for WebGL target not found
Refreshing native plugins compatible for Editor in 0.18 ms, found 0 plugins.
Preloading 0 native plugins for Editor in 0.00 ms.
Invoked RoslynAnalysisRunner static constructor.
RoslynAnalysisRunner will not be running.
RoslynAnalysisRunner has terminated.
Mono: successfully reloaded assembly
- Completed reload, in  0.658 seconds
Platform modules already initialized, skipping
Refreshing native plugins compatible for Editor in 0.18 ms, found 0 plugins.
Preloading 0 native plugins for Editor in 0.00 ms.
Unloading 1111 Unused Serialized files (Serialized files now loaded: 0)
System memory in use before: 57.8 MB.
System memory in use after: 57.9 MB.

Unloading 4 unused Assets to reduce memory usage. Loaded Objects now: 1574.
Total: 1.594000 ms (FindLiveObjects: 0.112800 ms CreateObjectMapping: 0.033800 ms MarkObjects: 1.435600 ms  DeleteObjects: 0.010900 ms)

========================================================================
Received Prepare
Registering precompiled user dll's ...
Registered in 0.000571 seconds.
Begin MonoManager ReloadAssembly
Native extension for Lumin target not found
Native extension for WindowsStandalone target not found
Native extension for WebGL target not found
Refreshing native plugins compatible for Editor in 0.20 ms, found 0 plugins.
Preloading 0 native plugins for Editor in 0.00 ms.
Invoked RoslynAnalysisRunner static constructor.
RoslynAnalysisRunner will not be running.
RoslynAnalysisRunner has terminated.
Mono: successfully reloaded assembly
- Completed reload, in  0.651 seconds
Platform modules already initialized, skipping
Refreshing native plugins compatible for Editor in 0.18 ms, found 0 plugins.
Preloading 0 native plugins for Editor in 0.00 ms.
Unloading 1111 Unused Serialized files (Serialized files now loaded: 0)
System memory in use before: 58.0 MB.
System memory in use after: 58.1 MB.

Unloading 4 unused Assets to reduce memory usage. Loaded Objects now: 1576.
Total: 1.484400 ms (FindLiveObjects: 0.125700 ms CreateObjectMapping: 0.023700 ms MarkObjects: 1.324600 ms  DeleteObjects: 0.009800 ms)

========================================================================
Received Prepare
Registering precompiled user dll's ...
Registered in 0.000527 seconds.
Begin MonoManager ReloadAssembly
Native extension for Lumin target not found
Native extension for WindowsStandalone target not found
Native extension for WebGL target not found
Refreshing native plugins compatible for Editor in 0.19 ms, found 0 plugins.
Preloading 0 native plugins for Editor in 0.00 ms.
Invoked RoslynAnalysisRunner static constructor.
RoslynAnalysisRunner will not be running.
RoslynAnalysisRunner has terminated.
Mono: successfully reloaded assembly
- Completed reload, in  0.660 seconds
Platform modules already initialized, skipping
Refreshing native plugins compatible for Editor in 0.18 ms, found 0 plugins.
Preloading 0 native plugins for Editor in 0.00 ms.
Unloading 1111 Unused Serialized files (Serialized files now loaded: 0)
System memory in use before: 58.1 MB.
System memory in use after: 58.2 MB.

Unloading 4 unused Assets to reduce memory usage. Loaded Objects now: 1578.
Total: 1.407600 ms (FindLiveObjects: 0.111100 ms CreateObjectMapping: 0.025100 ms MarkObjects: 1.259600 ms  DeleteObjects: 0.011100 ms)

========================================================================
Received Prepare
Registering precompiled user dll's ...
Registered in 0.000673 seconds.
Begin MonoManager ReloadAssembly
Native extension for Lumin target not found
Native extension for WindowsStandalone target not found
Native extension for WebGL target not found
Refreshing native plugins compatible for Editor in 0.18 ms, found 0 plugins.
Preloading 0 native plugins for Editor in 0.00 ms.
Invoked RoslynAnalysisRunner static constructor.
RoslynAnalysisRunner will not be running.
RoslynAnalysisRunner has terminated.
Mono: successfully reloaded assembly
- Completed reload, in  0.620 seconds
Platform modules already initialized, skipping
Refreshing native plugins compatible for Editor in 0.18 ms, found 0 plugins.
Preloading 0 native plugins for Editor in 0.00 ms.
Unloading 1111 Unused Serialized files (Serialized files now loaded: 0)
System memory in use before: 58.3 MB.
System memory in use after: 58.4 MB.

Unloading 4 unused Assets to reduce memory usage. Loaded Objects now: 1580.
Total: 1.554100 ms (FindLiveObjects: 0.128500 ms CreateObjectMapping: 0.026700 ms MarkObjects: 1.388300 ms  DeleteObjects: 0.009800 ms)

========================================================================
Received Import Request.
  Time since last request: 2761.533811 seconds.
  path: Assets/Prefabs/Eggplant.prefab
  artifactKey: Guid(0902e06103fc3024d9e2624523307e2c) Importer(815301076,1909f56bfc062723c751e8b465ee728b)
Start importing Assets/Prefabs/Eggplant.prefab using Guid(0902e06103fc3024d9e2624523307e2c) Importer(815301076,1909f56bfc062723c751e8b465ee728b)  -> (artifact id: '3ebf812e0716b92c1673c732d75b14ef') in 0.081670 seconds
  Import took 0.083229 seconds .

========================================================================
Received Prepare
Registering precompiled user dll's ...
Registered in 0.000585 seconds.
Begin MonoManager ReloadAssembly
Native extension for Lumin target not found
Native extension for WindowsStandalone target not found
Native extension for WebGL target not found
Refreshing native plugins compatible for Editor in 0.19 ms, found 0 plugins.
Preloading 0 native plugins for Editor in 0.00 ms.
Invoked RoslynAnalysisRunner static constructor.
RoslynAnalysisRunner will not be running.
RoslynAnalysisRunner has terminated.
Mono: successfully reloaded assembly
- Completed reload, in  0.601 seconds
Platform modules already initialized, skipping
Refreshing native plugins compatible for Editor in 0.18 ms, found 0 plugins.
Preloading 0 native plugins for Editor in 0.00 ms.
Unloading 1111 Unused Serialized files (Serialized files now loaded: 0)
System memory in use before: 61.5 MB.
System memory in use after: 61.6 MB.

Unloading 4 unused Assets to reduce memory usage. Loaded Objects now: 1590.
Total: 1.529500 ms (FindLiveObjects: 0.123400 ms CreateObjectMapping: 0.030500 ms MarkObjects: 1.361200 ms  DeleteObjects: 0.013600 ms)

========================================================================
Received Import Request.
  Time since last request: 6911.429052 seconds.
  path: Assets/Prefabs/Potato.prefab
  artifactKey: Guid(e24f1b79179a4d14cb7f9f9ab606be49) Importer(815301076,1909f56bfc062723c751e8b465ee728b)
Start importing Assets/Prefabs/Potato.prefab using Guid(e24f1b79179a4d14cb7f9f9ab606be49) Importer(815301076,1909f56bfc062723c751e8b465ee728b)  -> (artifact id: 'b40e973cb0725d884959f1673a77c19a') in 0.050260 seconds
  Import took 0.051923 seconds .

========================================================================
Received Import Request.
  Time since last request: 3.850105 seconds.
  path: Assets/Prefabs/Tomato.prefab
  artifactKey: Guid(8e2d4a64cfce20341b56c1de5f4d9b6d) Importer(815301076,1909f56bfc062723c751e8b465ee728b)
Start importing Assets/Prefabs/Tomato.prefab using Guid(8e2d4a64cfce20341b56c1de5f4d9b6d) Importer(815301076,1909f56bfc062723c751e8b465ee728b)  -> (artifact id: '0a134b11b7165eec556daee3b2259478') in 0.012758 seconds
  Import took 0.014433 seconds .

========================================================================
Received Import Request.
  Time since last request: 3.411512 seconds.
  path: Assets/Prefabs/Cucumber.prefab
  artifactKey: Guid(97834b89a95a35949b1ebc644b12e25f) Importer(815301076,1909f56bfc062723c751e8b465ee728b)
Start importing Assets/Prefabs/Cucumber.prefab using Guid(97834b89a95a35949b1ebc644b12e25f) Importer(815301076,1909f56bfc062723c751e8b465ee728b)  -> (artifact id: 'fd368614c2ce4530470015f0827784cc') in 0.013544 seconds
  Import took 0.015295 seconds .

========================================================================
Received Import Request.
  Time since last request: 0.003185 seconds.
  path: Assets/Prefabs/Cucumber.prefab
  artifactKey: Guid(97834b89a95a35949b1ebc644b12e25f) Importer(815301076,1909f56bfc062723c751e8b465ee728b)
Start importing Assets/Prefabs/Cucumber.prefab using Guid(97834b89a95a35949b1ebc644b12e25f) Importer(815301076,1909f56bfc062723c751e8b465ee728b)  -> (artifact id: 'fd368614c2ce4530470015f0827784cc') in 0.006650 seconds
  Import took 0.008519 seconds .

========================================================================
Received Prepare
Registering precompiled user dll's ...
Registered in 0.000616 seconds.
Begin MonoManager ReloadAssembly
Native extension for Lumin target not found
Native extension for WindowsStandalone target not found
Native extension for WebGL target not found
Refreshing native plugins compatible for Editor in 0.18 ms, found 0 plugins.
Preloading 0 native plugins for Editor in 0.00 ms.
Invoked RoslynAnalysisRunner static constructor.
RoslynAnalysisRunner will not be running.
RoslynAnalysisRunner has terminated.
Mono: successfully reloaded assembly
- Completed reload, in  0.609 seconds
Platform modules already initialized, skipping
Refreshing native plugins compatible for Editor in 0.18 ms, found 0 plugins.
Preloading 0 native plugins for Editor in 0.00 ms.
Unloading 1111 Unused Serialized files (Serialized files now loaded: 0)
System memory in use before: 61.7 MB.
System memory in use after: 61.8 MB.

Unloading 4 unused Assets to reduce memory usage. Loaded Objects now: 1594.
Total: 1.349400 ms (FindLiveObjects: 0.116600 ms CreateObjectMapping: 0.027900 ms MarkObjects: 1.194200 ms  DeleteObjects: 0.010000 ms)

========================================================================
Received Import Request.
  Time since last request: 18.091686 seconds.
  path: Assets/Prefabs/Cucumber.prefab
  artifactKey: Guid(97834b89a95a35949b1ebc644b12e25f) Importer(815301076,1909f56bfc062723c751e8b465ee728b)
Start importing Assets/Prefabs/Cucumber.prefab using Guid(97834b89a95a35949b1ebc644b12e25f) Importer(815301076,1909f56bfc062723c751e8b465ee728b)  -> (artifact id: '258ced7cb5d8b81bd58f8e9f6455224e') in 0.045114 seconds
  Import took 0.046723 seconds .

========================================================================
Received Import Request.
  Time since last request: 3.577957 seconds.
  path: Assets/Prefabs/Eggplant.prefab
  artifactKey: Guid(0902e06103fc3024d9e2624523307e2c) Importer(815301076,1909f56bfc062723c751e8b465ee728b)
Start importing Assets/Prefabs/Eggplant.prefab using Guid(0902e06103fc3024d9e2624523307e2c) Importer(815301076,1909f56bfc062723c751e8b465ee728b)  -> (artifact id: '8e18f2584b68d021616f06185d5c9a25') in 0.006719 seconds
  Import took 0.008336 seconds .

========================================================================
Received Import Request.
  Time since last request: 4.237035 seconds.
  path: Assets/Prefabs/Potato.prefab
  artifactKey: Guid(e24f1b79179a4d14cb7f9f9ab606be49) Importer(815301076,1909f56bfc062723c751e8b465ee728b)
Start importing Assets/Prefabs/Potato.prefab using Guid(e24f1b79179a4d14cb7f9f9ab606be49) Importer(815301076,1909f56bfc062723c751e8b465ee728b)  -> (artifact id: 'ce23661971ddf93ad84a55e7afe0791d') in 0.006844 seconds
  Import took 0.008729 seconds .

========================================================================
Received Import Request.
  Time since last request: 4.641715 seconds.
  path: Assets/Prefabs/Tomato.prefab
  artifactKey: Guid(8e2d4a64cfce20341b56c1de5f4d9b6d) Importer(815301076,1909f56bfc062723c751e8b465ee728b)
Start importing Assets/Prefabs/Tomato.prefab using Guid(8e2d4a64cfce20341b56c1de5f4d9b6d) Importer(815301076,1909f56bfc062723c751e8b465ee728b)  -> (artifact id: 'fc5da5c497b0f7a567c47e2dd0d18790') in 0.007907 seconds
  Import took 0.010318 seconds .

========================================================================
Received Import Request.
  Time since last request: 0.009199 seconds.
  path: Assets/Prefabs/Tomato.prefab
  artifactKey: Guid(8e2d4a64cfce20341b56c1de5f4d9b6d) Importer(815301076,1909f56bfc062723c751e8b465ee728b)
Start importing Assets/Prefabs/Tomato.prefab using Guid(8e2d4a64cfce20341b56c1de5f4d9b6d) Importer(815301076,1909f56bfc062723c751e8b465ee728b)  -> (artifact id: 'fc5da5c497b0f7a567c47e2dd0d18790') in 0.007372 seconds
  Import took 0.009071 seconds .

========================================================================
Received Import Request.
  Time since last request: 844.676990 seconds.
  path: Assets/Scripts/Vegetable.cs
  artifactKey: Guid(ded4b008829771845a199e9cda284dbc) Importer(815301076,1909f56bfc062723c751e8b465ee728b)
Start importing Assets/Scripts/Vegetable.cs using Guid(ded4b008829771845a199e9cda284dbc) Importer(815301076,1909f56bfc062723c751e8b465ee728b)  -> (artifact id: '9307b9a66fd81aa2f26c466f590a1564') in 0.002477 seconds
  Import took 0.004279 seconds .

========================================================================
Received Import Request.
  Time since last request: 0.000950 seconds.
  path: Assets/Scripts/Vegetable.cs
  artifactKey: Guid(ded4b008829771845a199e9cda284dbc) Importer(815301076,1909f56bfc062723c751e8b465ee728b)
Start importing Assets/Scripts/Vegetable.cs using Guid(ded4b008829771845a199e9cda284dbc) Importer(815301076,1909f56bfc062723c751e8b465ee728b)  -> (artifact id: '9307b9a66fd81aa2f26c466f590a1564') in 0.002272 seconds
  Import took 0.003640 seconds .

========================================================================
Received Import Request.
  Time since last request: 0.837578 seconds.
  path: Assets/Scripts/Spawner.cs
  artifactKey: Guid(19f656c6e5be83a47beee9d8bac7a08a) Importer(815301076,1909f56bfc062723c751e8b465ee728b)
Start importing Assets/Scripts/Spawner.cs using Guid(19f656c6e5be83a47beee9d8bac7a08a) Importer(815301076,1909f56bfc062723c751e8b465ee728b)  -> (artifact id: '95383db69a5a9996aaef1bef8244cbdc') in 0.005765 seconds
  Import took 0.007405 seconds .

========================================================================
Received Import Request.
  Time since last request: 0.000647 seconds.
  path: Assets/Scripts/Spawner.cs
  artifactKey: Guid(19f656c6e5be83a47beee9d8bac7a08a) Importer(815301076,1909f56bfc062723c751e8b465ee728b)
Start importing Assets/Scripts/Spawner.cs using Guid(19f656c6e5be83a47beee9d8bac7a08a) Importer(815301076,1909f56bfc062723c751e8b465ee728b)  -> (artifact id: '95383db69a5a9996aaef1bef8244cbdc') in 0.002715 seconds
  Import took 0.004477 seconds .

========================================================================
Received Prepare
Registering precompiled user dll's ...
Registered in 0.000517 seconds.
Begin MonoManager ReloadAssembly
Native extension for Lumin target not found
Native extension for WindowsStandalone target not found
Native extension for WebGL target not found
Refreshing native plugins compatible for Editor in 0.19 ms, found 0 plugins.
Preloading 0 native plugins for Editor in 0.00 ms.
Invoked RoslynAnalysisRunner static constructor.
RoslynAnalysisRunner will not be running.
RoslynAnalysisRunner has terminated.
Mono: successfully reloaded assembly
- Completed reload, in  0.602 seconds
Platform modules already initialized, skipping
Refreshing native plugins compatible for Editor in 0.17 ms, found 0 plugins.
Preloading 0 native plugins for Editor in 0.00 ms.
Unloading 1111 Unused Serialized files (Serialized files now loaded: 0)
System memory in use before: 61.9 MB.
System memory in use after: 62.0 MB.

Unloading 4 unused Assets to reduce memory usage. Loaded Objects now: 1597.
Total: 1.364700 ms (FindLiveObjects: 0.103400 ms CreateObjectMapping: 0.023400 ms MarkObjects: 1.226600 ms  DeleteObjects: 0.010400 ms)

========================================================================
Received Prepare
Registering precompiled user dll's ...
Registered in 0.000535 seconds.
Begin MonoManager ReloadAssembly
Native extension for Lumin target not found
Native extension for WindowsStandalone target not found
Native extension for WebGL target not found
Refreshing native plugins compatible for Editor in 0.18 ms, found 0 plugins.
Preloading 0 native plugins for Editor in 0.00 ms.
Invoked RoslynAnalysisRunner static constructor.
RoslynAnalysisRunner will not be running.
RoslynAnalysisRunner has terminated.
Mono: successfully reloaded assembly
- Completed reload, in  0.614 seconds
Platform modules already initialized, skipping
Refreshing native plugins compatible for Editor in 0.17 ms, found 0 plugins.
Preloading 0 native plugins for Editor in 0.00 ms.
Unloading 1111 Unused Serialized files (Serialized files now loaded: 0)
System memory in use before: 62.0 MB.
System memory in use after: 62.1 MB.

Unloading 4 unused Assets to reduce memory usage. Loaded Objects now: 1599.
Total: 1.456900 ms (FindLiveObjects: 0.135900 ms CreateObjectMapping: 0.025600 ms MarkObjects: 1.284800 ms  DeleteObjects: 0.009900 ms)

========================================================================
Received Prepare
Registering precompiled user dll's ...
Registered in 0.000603 seconds.
Begin MonoManager ReloadAssembly
Native extension for Lumin target not found
Native extension for WindowsStandalone target not found
Native extension for WebGL target not found
Refreshing native plugins compatible for Editor in 0.19 ms, found 0 plugins.
Preloading 0 native plugins for Editor in 0.00 ms.
Invoked RoslynAnalysisRunner static constructor.
RoslynAnalysisRunner will not be running.
RoslynAnalysisRunner has terminated.
Mono: successfully reloaded assembly
- Completed reload, in  0.622 seconds
Platform modules already initialized, skipping
Refreshing native plugins compatible for Editor in 0.18 ms, found 0 plugins.
Preloading 0 native plugins for Editor in 0.00 ms.
Unloading 1111 Unused Serialized files (Serialized files now loaded: 0)
System memory in use before: 62.1 MB.
System memory in use after: 62.2 MB.

Unloading 4 unused Assets to reduce memory usage. Loaded Objects now: 1601.
Total: 1.557800 ms (FindLiveObjects: 0.122400 ms CreateObjectMapping: 0.023600 ms MarkObjects: 1.401100 ms  DeleteObjects: 0.010300 ms)

========================================================================
Received Prepare
Registering precompiled user dll's ...
Registered in 0.000566 seconds.
Begin MonoManager ReloadAssembly
Native extension for Lumin target not found
Native extension for WindowsStandalone target not found
Native extension for WebGL target not found
Refreshing native plugins compatible for Editor in 0.21 ms, found 0 plugins.
Preloading 0 native plugins for Editor in 0.00 ms.
Invoked RoslynAnalysisRunner static constructor.
RoslynAnalysisRunner will not be running.
RoslynAnalysisRunner has terminated.
Mono: successfully reloaded assembly
- Completed reload, in  0.627 seconds
Platform modules already initialized, skipping
Refreshing native plugins compatible for Editor in 0.18 ms, found 0 plugins.
Preloading 0 native plugins for Editor in 0.00 ms.
Unloading 1111 Unused Serialized files (Serialized files now loaded: 0)
System memory in use before: 61.3 MB.
System memory in use after: 61.4 MB.

Unloading 4 unused Assets to reduce memory usage. Loaded Objects now: 1603.
Total: 1.551900 ms (FindLiveObjects: 0.115000 ms CreateObjectMapping: 0.031100 ms MarkObjects: 1.395700 ms  DeleteObjects: 0.009600 ms)

========================================================================
Received Import Request.
  Time since last request: 377.462545 seconds.
  path: Assets/Prefabs/Cucumber.prefab
  artifactKey: Guid(97834b89a95a35949b1ebc644b12e25f) Importer(815301076,1909f56bfc062723c751e8b465ee728b)
Start importing Assets/Prefabs/Cucumber.prefab using Guid(97834b89a95a35949b1ebc644b12e25f) Importer(815301076,1909f56bfc062723c751e8b465ee728b)  -> (artifact id: '42491f7361585b02d89534fd4d2d21aa') in 0.043732 seconds
  Import took 0.045525 seconds .

========================================================================
Received Import Request.
  Time since last request: 2.719386 seconds.
  path: Assets/Prefabs/Eggplant.prefab
  artifactKey: Guid(0902e06103fc3024d9e2624523307e2c) Importer(815301076,1909f56bfc062723c751e8b465ee728b)
Start importing Assets/Prefabs/Eggplant.prefab using Guid(0902e06103fc3024d9e2624523307e2c) Importer(815301076,1909f56bfc062723c751e8b465ee728b)  -> (artifact id: 'f9e30724fc3555b7467398cab0cbd9c5') in 0.007192 seconds
  Import took 0.009127 seconds .

========================================================================
Received Import Request.
  Time since last request: 2.299331 seconds.
  path: Assets/Prefabs/Potato.prefab
  artifactKey: Guid(e24f1b79179a4d14cb7f9f9ab606be49) Importer(815301076,1909f56bfc062723c751e8b465ee728b)
Start importing Assets/Prefabs/Potato.prefab using Guid(e24f1b79179a4d14cb7f9f9ab606be49) Importer(815301076,1909f56bfc062723c751e8b465ee728b)  -> (artifact id: 'd28fc5833f0caeadf91491da8267c7a8') in 0.007008 seconds
  Import took 0.008661 seconds .

========================================================================
Received Import Request.
  Time since last request: 4.686875 seconds.
  path: Assets/Prefabs/Tomato.prefab
  artifactKey: Guid(8e2d4a64cfce20341b56c1de5f4d9b6d) Importer(815301076,1909f56bfc062723c751e8b465ee728b)
Start importing Assets/Prefabs/Tomato.prefab using Guid(8e2d4a64cfce20341b56c1de5f4d9b6d) Importer(815301076,1909f56bfc062723c751e8b465ee728b)  -> (artifact id: '5a526f3a9dd9937d10d4083b010aecda') in 0.006847 seconds
  Import took 0.008540 seconds .

========================================================================
Received Prepare
Registering precompiled user dll's ...
Registered in 0.000548 seconds.
Begin MonoManager ReloadAssembly
Native extension for Lumin target not found
Native extension for WindowsStandalone target not found
Native extension for WebGL target not found
Refreshing native plugins compatible for Editor in 0.19 ms, found 0 plugins.
Preloading 0 native plugins for Editor in 0.00 ms.
Invoked RoslynAnalysisRunner static constructor.
RoslynAnalysisRunner will not be running.
RoslynAnalysisRunner has terminated.
Mono: successfully reloaded assembly
- Completed reload, in  0.617 seconds
Platform modules already initialized, skipping
Refreshing native plugins compatible for Editor in 0.18 ms, found 0 plugins.
Preloading 0 native plugins for Editor in 0.00 ms.
Unloading 1111 Unused Serialized files (Serialized files now loaded: 0)
System memory in use before: 61.4 MB.
System memory in use after: 61.5 MB.

Unloading 4 unused Assets to reduce memory usage. Loaded Objects now: 1606.
Total: 1.245600 ms (FindLiveObjects: 0.101200 ms CreateObjectMapping: 0.023800 ms MarkObjects: 1.110800 ms  DeleteObjects: 0.009200 ms)

========================================================================
Received Import Request.
  Time since last request: 67.529318 seconds.
  path: ProjectSettings/TagManager.asset
  artifactKey: Guid(00000000000000003000000000000000) Importer(815301076,1909f56bfc062723c751e8b465ee728b)
Start importing ProjectSettings/TagManager.asset using Guid(00000000000000003000000000000000) Importer(815301076,1909f56bfc062723c751e8b465ee728b)  -> (artifact id: '8e5e7cd94c27306561752e9cbd9a08a0') in 0.014476 seconds
  Import took 0.016144 seconds .

========================================================================
Received Import Request.
  Time since last request: 8.034063 seconds.
  path: Assets/Prefabs/Eggplant.prefab
  artifactKey: Guid(0902e06103fc3024d9e2624523307e2c) Importer(815301076,1909f56bfc062723c751e8b465ee728b)
Start importing Assets/Prefabs/Eggplant.prefab using Guid(0902e06103fc3024d9e2624523307e2c) Importer(815301076,1909f56bfc062723c751e8b465ee728b)  -> (artifact id: '6814d2d6b85aa2b560c7176037cc4c8c') in 0.036973 seconds
  Import took 0.038560 seconds .

========================================================================
Received Import Request.
  Time since last request: 4.477473 seconds.
  path: Assets/Prefabs/Potato.prefab
  artifactKey: Guid(e24f1b79179a4d14cb7f9f9ab606be49) Importer(815301076,1909f56bfc062723c751e8b465ee728b)
Start importing Assets/Prefabs/Potato.prefab using Guid(e24f1b79179a4d14cb7f9f9ab606be49) Importer(815301076,1909f56bfc062723c751e8b465ee728b)  -> (artifact id: 'bcd7539949cc928bd4c223069bbd4bef') in 0.007236 seconds
  Import took 0.008982 seconds .

========================================================================
Received Import Request.
  Time since last request: 0.008483 seconds.
  path: Assets/Prefabs/Potato.prefab
  artifactKey: Guid(e24f1b79179a4d14cb7f9f9ab606be49) Importer(815301076,1909f56bfc062723c751e8b465ee728b)
Start importing Assets/Prefabs/Potato.prefab using Guid(e24f1b79179a4d14cb7f9f9ab606be49) Importer(815301076,1909f56bfc062723c751e8b465ee728b)  -> (artifact id: 'bcd7539949cc928bd4c223069bbd4bef') in 0.007282 seconds
  Import took 0.008911 seconds .

========================================================================
Received Import Request.
  Time since last request: 3.411174 seconds.
  path: Assets/Prefabs/Tomato.prefab
  artifactKey: Guid(8e2d4a64cfce20341b56c1de5f4d9b6d) Importer(815301076,1909f56bfc062723c751e8b465ee728b)
Start importing Assets/Prefabs/Tomato.prefab using Guid(8e2d4a64cfce20341b56c1de5f4d9b6d) Importer(815301076,1909f56bfc062723c751e8b465ee728b)  -> (artifact id: 'b3b897d3dedc84e27a08248ffcfe8e03') in 0.007450 seconds
  Import took 0.009558 seconds .

========================================================================
Received Import Request.
  Time since last request: 0.008170 seconds.
  path: Assets/Prefabs/Tomato.prefab
  artifactKey: Guid(8e2d4a64cfce20341b56c1de5f4d9b6d) Importer(815301076,1909f56bfc062723c751e8b465ee728b)
Start importing Assets/Prefabs/Tomato.prefab using Guid(8e2d4a64cfce20341b56c1de5f4d9b6d) Importer(815301076,1909f56bfc062723c751e8b465ee728b)  -> (artifact id: 'b3b897d3dedc84e27a08248ffcfe8e03') in 0.007730 seconds
  Import took 0.009841 seconds .

========================================================================
Received Import Request.
  Time since last request: 19.613556 seconds.
  path: Assets/Prefabs/Cucumber.prefab
  artifactKey: Guid(97834b89a95a35949b1ebc644b12e25f) Importer(815301076,1909f56bfc062723c751e8b465ee728b)
Start importing Assets/Prefabs/Cucumber.prefab using Guid(97834b89a95a35949b1ebc644b12e25f) Importer(815301076,1909f56bfc062723c751e8b465ee728b)  -> (artifact id: '53ee0e6108b158721e949e5f891dfa9f') in 0.006951 seconds
  Import took 0.008697 seconds .

========================================================================
Received Import Request.
  Time since last request: 0.008086 seconds.
  path: Assets/Prefabs/Cucumber.prefab
  artifactKey: Guid(97834b89a95a35949b1ebc644b12e25f) Importer(815301076,1909f56bfc062723c751e8b465ee728b)
Start importing Assets/Prefabs/Cucumber.prefab using Guid(97834b89a95a35949b1ebc644b12e25f) Importer(815301076,1909f56bfc062723c751e8b465ee728b)  -> (artifact id: '53ee0e6108b158721e949e5f891dfa9f') in 0.006513 seconds
  Import took 0.008183 seconds .

========================================================================
Received Import Request.
  Time since last request: 2.842639 seconds.
  path: Assets/Prefabs/Eggplant.prefab
  artifactKey: Guid(0902e06103fc3024d9e2624523307e2c) Importer(815301076,1909f56bfc062723c751e8b465ee728b)
Start importing Assets/Prefabs/Eggplant.prefab using Guid(0902e06103fc3024d9e2624523307e2c) Importer(815301076,1909f56bfc062723c751e8b465ee728b)  -> (artifact id: 'ec9636c59548b4c31613b142037c4e0b') in 0.007470 seconds
  Import took 0.009401 seconds .

========================================================================
Received Import Request.
  Time since last request: 0.008481 seconds.
  path: Assets/Prefabs/Eggplant.prefab
  artifactKey: Guid(0902e06103fc3024d9e2624523307e2c) Importer(815301076,1909f56bfc062723c751e8b465ee728b)
Start importing Assets/Prefabs/Eggplant.prefab using Guid(0902e06103fc3024d9e2624523307e2c) Importer(815301076,1909f56bfc062723c751e8b465ee728b)  -> (artifact id: 'ec9636c59548b4c31613b142037c4e0b') in 0.008064 seconds
  Import took 0.010458 seconds .

========================================================================
Received Import Request.
  Time since last request: 3.317756 seconds.
  path: Assets/Prefabs/Tomato.prefab
  artifactKey: Guid(8e2d4a64cfce20341b56c1de5f4d9b6d) Importer(815301076,1909f56bfc062723c751e8b465ee728b)
Start importing Assets/Prefabs/Tomato.prefab using Guid(8e2d4a64cfce20341b56c1de5f4d9b6d) Importer(815301076,1909f56bfc062723c751e8b465ee728b)  -> (artifact id: '5cdada07c42ecbbe839ccb744bf3930a') in 0.007157 seconds
  Import took 0.008810 seconds .

========================================================================
Received Import Request.
  Time since last request: 0.007890 seconds.
  path: Assets/Prefabs/Tomato.prefab
  artifactKey: Guid(8e2d4a64cfce20341b56c1de5f4d9b6d) Importer(815301076,1909f56bfc062723c751e8b465ee728b)
Start importing Assets/Prefabs/Tomato.prefab using Guid(8e2d4a64cfce20341b56c1de5f4d9b6d) Importer(815301076,1909f56bfc062723c751e8b465ee728b)  -> (artifact id: '5cdada07c42ecbbe839ccb744bf3930a') in 0.007093 seconds
  Import took 0.008718 seconds .

========================================================================
Received Import Request.
  Time since last request: 3.431378 seconds.
  path: Assets/Prefabs/Potato.prefab
  artifactKey: Guid(e24f1b79179a4d14cb7f9f9ab606be49) Importer(815301076,1909f56bfc062723c751e8b465ee728b)
Start importing Assets/Prefabs/Potato.prefab using Guid(e24f1b79179a4d14cb7f9f9ab606be49) Importer(815301076,1909f56bfc062723c751e8b465ee728b)  -> (artifact id: 'c45d51e746910774ee6acb8997803c38') in 0.007050 seconds
  Import took 0.008871 seconds .

========================================================================
Received Import Request.
  Time since last request: 0.007727 seconds.
  path: Assets/Prefabs/Potato.prefab
  artifactKey: Guid(e24f1b79179a4d14cb7f9f9ab606be49) Importer(815301076,1909f56bfc062723c751e8b465ee728b)
Start importing Assets/Prefabs/Potato.prefab using Guid(e24f1b79179a4d14cb7f9f9ab606be49) Importer(815301076,1909f56bfc062723c751e8b465ee728b)  -> (artifact id: 'c45d51e746910774ee6acb8997803c38') in 0.007132 seconds
  Import took 0.009293 seconds .

========================================================================
Received Prepare
Registering precompiled user dll's ...
Registered in 0.000552 seconds.
Begin MonoManager ReloadAssembly
Native extension for Lumin target not found
Native extension for WindowsStandalone target not found
Native extension for WebGL target not found
Refreshing native plugins compatible for Editor in 0.19 ms, found 0 plugins.
Preloading 0 native plugins for Editor in 0.00 ms.
Invoked RoslynAnalysisRunner static constructor.
RoslynAnalysisRunner will not be running.
RoslynAnalysisRunner has terminated.
Mono: successfully reloaded assembly
- Completed reload, in  0.610 seconds
Platform modules already initialized, skipping
Refreshing native plugins compatible for Editor in 0.18 ms, found 0 plugins.
Preloading 0 native plugins for Editor in 0.00 ms.
Unloading 1111 Unused Serialized files (Serialized files now loaded: 0)
System memory in use before: 61.6 MB.
System memory in use after: 61.7 MB.

Unloading 5 unused Assets to reduce memory usage. Loaded Objects now: 1609.
Total: 1.457300 ms (FindLiveObjects: 0.123500 ms CreateObjectMapping: 0.026700 ms MarkObjects: 1.294200 ms  DeleteObjects: 0.011800 ms)

========================================================================
Received Prepare
Registering precompiled user dll's ...
Registered in 0.000656 seconds.
Begin MonoManager ReloadAssembly
Native extension for Lumin target not found
Native extension for WindowsStandalone target not found
Native extension for WebGL target not found
Refreshing native plugins compatible for Editor in 0.19 ms, found 0 plugins.
Preloading 0 native plugins for Editor in 0.00 ms.
Invoked RoslynAnalysisRunner static constructor.
RoslynAnalysisRunner will not be running.
RoslynAnalysisRunner has terminated.
Mono: successfully reloaded assembly
- Completed reload, in  0.635 seconds
Platform modules already initialized, skipping
Refreshing native plugins compatible for Editor in 0.20 ms, found 0 plugins.
Preloading 0 native plugins for Editor in 0.00 ms.
Unloading 1111 Unused Serialized files (Serialized files now loaded: 0)
System memory in use before: 61.7 MB.
System memory in use after: 61.8 MB.

Unloading 4 unused Assets to reduce memory usage. Loaded Objects now: 1611.
Total: 1.494200 ms (FindLiveObjects: 0.144000 ms CreateObjectMapping: 0.035700 ms MarkObjects: 1.301700 ms  DeleteObjects: 0.011900 ms)

========================================================================
Received Import Request.
  Time since last request: 4025.595220 seconds.
  path: Assets/Prefabs/Tomato.prefab
  artifactKey: Guid(8e2d4a64cfce20341b56c1de5f4d9b6d) Importer(815301076,1909f56bfc062723c751e8b465ee728b)
Start importing Assets/Prefabs/Tomato.prefab using Guid(8e2d4a64cfce20341b56c1de5f4d9b6d) Importer(815301076,1909f56bfc062723c751e8b465ee728b)  -> (artifact id: '4ee1de5b0cb9c6ad1f305e147a5efbf9') in 0.044433 seconds
  Import took 0.046233 seconds .

========================================================================
Received Import Request.
  Time since last request: 4.039078 seconds.
  path: Assets/Prefabs/Potato.prefab
  artifactKey: Guid(e24f1b79179a4d14cb7f9f9ab606be49) Importer(815301076,1909f56bfc062723c751e8b465ee728b)
Start importing Assets/Prefabs/Potato.prefab using Guid(e24f1b79179a4d14cb7f9f9ab606be49) Importer(815301076,1909f56bfc062723c751e8b465ee728b)  -> (artifact id: '5fe5d7b1ac09ef447eac44b2388f68a0') in 0.007750 seconds
  Import took 0.009448 seconds .

========================================================================
Received Import Request.
  Time since last request: 2.854207 seconds.
  path: Assets/Prefabs/Cucumber.prefab
  artifactKey: Guid(97834b89a95a35949b1ebc644b12e25f) Importer(815301076,1909f56bfc062723c751e8b465ee728b)
Start importing Assets/Prefabs/Cucumber.prefab using Guid(97834b89a95a35949b1ebc644b12e25f) Importer(815301076,1909f56bfc062723c751e8b465ee728b)  -> (artifact id: '4a89af27eb28aa2ae6a13539ad084d8e') in 0.007787 seconds
  Import took 0.009896 seconds .

========================================================================
Received Import Request.
  Time since last request: 0.008722 seconds.
  path: Assets/Prefabs/Cucumber.prefab
  artifactKey: Guid(97834b89a95a35949b1ebc644b12e25f) Importer(815301076,1909f56bfc062723c751e8b465ee728b)
Start importing Assets/Prefabs/Cucumber.prefab using Guid(97834b89a95a35949b1ebc644b12e25f) Importer(815301076,1909f56bfc062723c751e8b465ee728b)  -> (artifact id: '4a89af27eb28aa2ae6a13539ad084d8e') in 0.007170 seconds
  Import took 0.008829 seconds .

========================================================================
Received Prepare
Registering precompiled user dll's ...
Registered in 0.000561 seconds.
Begin MonoManager ReloadAssembly
Native extension for Lumin target not found
Native extension for WindowsStandalone target not found
Native extension for WebGL target not found
Refreshing native plugins compatible for Editor in 0.18 ms, found 0 plugins.
Preloading 0 native plugins for Editor in 0.00 ms.
Invoked RoslynAnalysisRunner static constructor.
RoslynAnalysisRunner will not be running.
RoslynAnalysisRunner has terminated.
Mono: successfully reloaded assembly
- Completed reload, in  0.623 seconds
Platform modules already initialized, skipping
Refreshing native plugins compatible for Editor in 0.18 ms, found 0 plugins.
Preloading 0 native plugins for Editor in 0.00 ms.
Unloading 1111 Unused Serialized files (Serialized files now loaded: 0)
System memory in use before: 61.8 MB.
System memory in use after: 61.9 MB.

Unloading 4 unused Assets to reduce memory usage. Loaded Objects now: 1614.
Total: 1.469200 ms (FindLiveObjects: 0.164300 ms CreateObjectMapping: 0.043800 ms MarkObjects: 1.249500 ms  DeleteObjects: 0.010900 ms)

========================================================================
Received Import Request.
  Time since last request: 222.685686 seconds.
  path: Assets/Prefabs/Tomato.prefab
  artifactKey: Guid(8e2d4a64cfce20341b56c1de5f4d9b6d) Importer(815301076,1909f56bfc062723c751e8b465ee728b)
Start importing Assets/Prefabs/Tomato.prefab using Guid(8e2d4a64cfce20341b56c1de5f4d9b6d) Importer(815301076,1909f56bfc062723c751e8b465ee728b)  -> (artifact id: '3d1d7b93e24d6acee8f05413857b87f7') in 0.042271 seconds
  Import took 0.043937 seconds .

========================================================================
Received Import Request.
  Time since last request: 0.000231 seconds.
  path: Assets/Prefabs/Eggplant.prefab
  artifactKey: Guid(0902e06103fc3024d9e2624523307e2c) Importer(815301076,1909f56bfc062723c751e8b465ee728b)
Start importing Assets/Prefabs/Eggplant.prefab using Guid(0902e06103fc3024d9e2624523307e2c) Importer(815301076,1909f56bfc062723c751e8b465ee728b)  -> (artifact id: '1df94caf9b32a76a14a88b454c21a3a1') in 0.006741 seconds
  Import took 0.008234 seconds .

========================================================================
Received Import Request.
  Time since last request: 0.000158 seconds.
  path: Assets/Prefabs/Potato.prefab
  artifactKey: Guid(e24f1b79179a4d14cb7f9f9ab606be49) Importer(815301076,1909f56bfc062723c751e8b465ee728b)
Start importing Assets/Prefabs/Potato.prefab using Guid(e24f1b79179a4d14cb7f9f9ab606be49) Importer(815301076,1909f56bfc062723c751e8b465ee728b)  -> (artifact id: 'e28b0f45c3f27bce7108705de7dcaad2') in 0.006472 seconds
  Import took 0.008032 seconds .

========================================================================
Received Import Request.
  Time since last request: 0.000178 seconds.
  path: Assets/Prefabs/Cucumber.prefab
  artifactKey: Guid(97834b89a95a35949b1ebc644b12e25f) Importer(815301076,1909f56bfc062723c751e8b465ee728b)
Start importing Assets/Prefabs/Cucumber.prefab using Guid(97834b89a95a35949b1ebc644b12e25f) Importer(815301076,1909f56bfc062723c751e8b465ee728b)  -> (artifact id: '88a91defc9a1205ea30b42682e4d2ab1') in 0.006741 seconds
  Import took 0.008286 seconds .

========================================================================
Received Import Request.
  Time since last request: 0.001902 seconds.
  path: Assets/Prefabs/Cucumber.prefab
  artifactKey: Guid(97834b89a95a35949b1ebc644b12e25f) Importer(815301076,1909f56bfc062723c751e8b465ee728b)
Start importing Assets/Prefabs/Cucumber.prefab using Guid(97834b89a95a35949b1ebc644b12e25f) Importer(815301076,1909f56bfc062723c751e8b465ee728b)  -> (artifact id: '88a91defc9a1205ea30b42682e4d2ab1') in 0.006665 seconds
  Import took 0.008528 seconds .

========================================================================
Received Import Request.
  Time since last request: 15.518681 seconds.
  path: Assets/Prefabs/Cucumber.prefab
  artifactKey: Guid(97834b89a95a35949b1ebc644b12e25f) Importer(815301076,1909f56bfc062723c751e8b465ee728b)
Start importing Assets/Prefabs/Cucumber.prefab using Guid(97834b89a95a35949b1ebc644b12e25f) Importer(815301076,1909f56bfc062723c751e8b465ee728b)  -> (artifact id: '2435431eff9b66acf0dbd3567a45de04') in 0.009421 seconds
  Import took 0.011725 seconds .

========================================================================
Received Import Request.
  Time since last request: 0.010894 seconds.
  path: Assets/Prefabs/Cucumber.prefab
  artifactKey: Guid(97834b89a95a35949b1ebc644b12e25f) Importer(815301076,1909f56bfc062723c751e8b465ee728b)
Start importing Assets/Prefabs/Cucumber.prefab using Guid(97834b89a95a35949b1ebc644b12e25f) Importer(815301076,1909f56bfc062723c751e8b465ee728b)  -> (artifact id: '2435431eff9b66acf0dbd3567a45de04') in 0.007632 seconds
  Import took 0.009669 seconds .

========================================================================
Received Import Request.
  Time since last request: 3.105752 seconds.
  path: Assets/Prefabs/Cucumber.prefab
  artifactKey: Guid(97834b89a95a35949b1ebc644b12e25f) Importer(815301076,1909f56bfc062723c751e8b465ee728b)
Start importing Assets/Prefabs/Cucumber.prefab using Guid(97834b89a95a35949b1ebc644b12e25f) Importer(815301076,1909f56bfc062723c751e8b465ee728b)  -> (artifact id: '552aeb645a157c2b3486dce4a5531fc2') in 0.007041 seconds
  Import took 0.008905 seconds .

========================================================================
Received Import Request.
  Time since last request: 10.697825 seconds.
  path: Assets/Prefabs/Eggplant.prefab
  artifactKey: Guid(0902e06103fc3024d9e2624523307e2c) Importer(815301076,1909f56bfc062723c751e8b465ee728b)
Start importing Assets/Prefabs/Eggplant.prefab using Guid(0902e06103fc3024d9e2624523307e2c) Importer(815301076,1909f56bfc062723c751e8b465ee728b)  -> (artifact id: 'd458d783a78b74b97176183d5b0ef314') in 0.006787 seconds
  Import took 0.008514 seconds .

========================================================================
Received Import Request.
  Time since last request: 0.010858 seconds.
  path: Assets/Prefabs/Eggplant.prefab
  artifactKey: Guid(0902e06103fc3024d9e2624523307e2c) Importer(815301076,1909f56bfc062723c751e8b465ee728b)
Start importing Assets/Prefabs/Eggplant.prefab using Guid(0902e06103fc3024d9e2624523307e2c) Importer(815301076,1909f56bfc062723c751e8b465ee728b)  -> (artifact id: 'd458d783a78b74b97176183d5b0ef314') in 0.007281 seconds
  Import took 0.009083 seconds .

========================================================================
Received Import Request.
  Time since last request: 3.388029 seconds.
  path: Assets/Prefabs/Eggplant.prefab
  artifactKey: Guid(0902e06103fc3024d9e2624523307e2c) Importer(815301076,1909f56bfc062723c751e8b465ee728b)
Start importing Assets/Prefabs/Eggplant.prefab using Guid(0902e06103fc3024d9e2624523307e2c) Importer(815301076,1909f56bfc062723c751e8b465ee728b)  -> (artifact id: '94d36f932c313ae87936c502174eedd1') in 0.006819 seconds
  Import took 0.008443 seconds .

========================================================================
Received Import Request.
  Time since last request: 3.860075 seconds.
  path: Assets/Prefabs/Potato.prefab
  artifactKey: Guid(e24f1b79179a4d14cb7f9f9ab606be49) Importer(815301076,1909f56bfc062723c751e8b465ee728b)
Start importing Assets/Prefabs/Potato.prefab using Guid(e24f1b79179a4d14cb7f9f9ab606be49) Importer(815301076,1909f56bfc062723c751e8b465ee728b)  -> (artifact id: '9ad5050cdfa348242b1f66ca1bf37843') in 0.007088 seconds
  Import took 0.008946 seconds .

========================================================================
Received Import Request.
  Time since last request: 0.010342 seconds.
  path: Assets/Prefabs/Potato.prefab
  artifactKey: Guid(e24f1b79179a4d14cb7f9f9ab606be49) Importer(815301076,1909f56bfc062723c751e8b465ee728b)
Start importing Assets/Prefabs/Potato.prefab using Guid(e24f1b79179a4d14cb7f9f9ab606be49) Importer(815301076,1909f56bfc062723c751e8b465ee728b)  -> (artifact id: '9ad5050cdfa348242b1f66ca1bf37843') in 0.007724 seconds
  Import took 0.009641 seconds .

========================================================================
Received Import Request.
  Time since last request: 2.958401 seconds.
  path: Assets/Prefabs/Potato.prefab
  artifactKey: Guid(e24f1b79179a4d14cb7f9f9ab606be49) Importer(815301076,1909f56bfc062723c751e8b465ee728b)
Start importing Assets/Prefabs/Potato.prefab using Guid(e24f1b79179a4d14cb7f9f9ab606be49) Importer(815301076,1909f56bfc062723c751e8b465ee728b)  -> (artifact id: 'a96b86e670ad3bf4b872b0eacc32af1d') in 0.006928 seconds
  Import took 0.008548 seconds .

========================================================================
Received Import Request.
  Time since last request: 4.661837 seconds.
  path: Assets/Prefabs/Tomato.prefab
  artifactKey: Guid(8e2d4a64cfce20341b56c1de5f4d9b6d) Importer(815301076,1909f56bfc062723c751e8b465ee728b)
Start importing Assets/Prefabs/Tomato.prefab using Guid(8e2d4a64cfce20341b56c1de5f4d9b6d) Importer(815301076,1909f56bfc062723c751e8b465ee728b)  -> (artifact id: '9b9e07da42035ff3789395765c44bba1') in 0.010841 seconds
  Import took 0.012566 seconds .

========================================================================
Received Import Request.
  Time since last request: 0.009311 seconds.
  path: Assets/Prefabs/Tomato.prefab
  artifactKey: Guid(8e2d4a64cfce20341b56c1de5f4d9b6d) Importer(815301076,1909f56bfc062723c751e8b465ee728b)
Start importing Assets/Prefabs/Tomato.prefab using Guid(8e2d4a64cfce20341b56c1de5f4d9b6d) Importer(815301076,1909f56bfc062723c751e8b465ee728b)  -> (artifact id: '9b9e07da42035ff3789395765c44bba1') in 0.007681 seconds
  Import took 0.009817 seconds .

========================================================================
Received Import Request.
  Time since last request: 1.585589 seconds.
  path: Assets/Prefabs/Tomato.prefab
  artifactKey: Guid(8e2d4a64cfce20341b56c1de5f4d9b6d) Importer(815301076,1909f56bfc062723c751e8b465ee728b)
Start importing Assets/Prefabs/Tomato.prefab using Guid(8e2d4a64cfce20341b56c1de5f4d9b6d) Importer(815301076,1909f56bfc062723c751e8b465ee728b)  -> (artifact id: 'dbe1845eb335d2bc58bdcea5a9c6014f') in 0.007371 seconds
  Import took 0.009363 seconds .

========================================================================
Received Import Request.
  Time since last request: 0.009267 seconds.
  path: Assets/Prefabs/Tomato.prefab
  artifactKey: Guid(8e2d4a64cfce20341b56c1de5f4d9b6d) Importer(815301076,1909f56bfc062723c751e8b465ee728b)
Start importing Assets/Prefabs/Tomato.prefab using Guid(8e2d4a64cfce20341b56c1de5f4d9b6d) Importer(815301076,1909f56bfc062723c751e8b465ee728b)  -> (artifact id: 'dbe1845eb335d2bc58bdcea5a9c6014f') in 0.006703 seconds
  Import took 0.008356 seconds .

========================================================================
Received Prepare
Registering precompiled user dll's ...
Registered in 0.000561 seconds.
Begin MonoManager ReloadAssembly
Native extension for Lumin target not found
Native extension for WindowsStandalone target not found
Native extension for WebGL target not found
Refreshing native plugins compatible for Editor in 0.23 ms, found 0 plugins.
Preloading 0 native plugins for Editor in 0.00 ms.
Invoked RoslynAnalysisRunner static constructor.
RoslynAnalysisRunner will not be running.
RoslynAnalysisRunner has terminated.
Mono: successfully reloaded assembly
- Completed reload, in  0.608 seconds
Platform modules already initialized, skipping
Refreshing native plugins compatible for Editor in 0.17 ms, found 0 plugins.
Preloading 0 native plugins for Editor in 0.00 ms.
Unloading 1111 Unused Serialized files (Serialized files now loaded: 0)
System memory in use before: 62.0 MB.
System memory in use after: 62.1 MB.

Unloading 4 unused Assets to reduce memory usage. Loaded Objects now: 1617.
Total: 1.534400 ms (FindLiveObjects: 0.106900 ms CreateObjectMapping: 0.025400 ms MarkObjects: 1.391000 ms  DeleteObjects: 0.010200 ms)

========================================================================
Received Import Request.
  Time since last request: 113.841150 seconds.
  path: Assets/Prefabs/Tomato.prefab
  artifactKey: Guid(8e2d4a64cfce20341b56c1de5f4d9b6d) Importer(815301076,1909f56bfc062723c751e8b465ee728b)
Start importing Assets/Prefabs/Tomato.prefab using Guid(8e2d4a64cfce20341b56c1de5f4d9b6d) Importer(815301076,1909f56bfc062723c751e8b465ee728b)  -> (artifact id: '0ee089902beac01c4e9c45b9f0791ac8') in 0.042647 seconds
  Import took 0.044234 seconds .

========================================================================
Received Import Request.
  Time since last request: 2.717738 seconds.
  path: Assets/Prefabs/Tomato.prefab
  artifactKey: Guid(8e2d4a64cfce20341b56c1de5f4d9b6d) Importer(815301076,1909f56bfc062723c751e8b465ee728b)
Start importing Assets/Prefabs/Tomato.prefab using Guid(8e2d4a64cfce20341b56c1de5f4d9b6d) Importer(815301076,1909f56bfc062723c751e8b465ee728b)  -> (artifact id: 'b304c52baab9a8371b05a4dcf637d07b') in 0.008618 seconds
  Import took 0.010941 seconds .

========================================================================
Received Import Request.
  Time since last request: 3.855043 seconds.
  path: Assets/Prefabs/Eggplant.prefab
  artifactKey: Guid(0902e06103fc3024d9e2624523307e2c) Importer(815301076,1909f56bfc062723c751e8b465ee728b)
Start importing Assets/Prefabs/Eggplant.prefab using Guid(0902e06103fc3024d9e2624523307e2c) Importer(815301076,1909f56bfc062723c751e8b465ee728b)  -> (artifact id: '2d1fde4fd058e99802f7433f8b135a10') in 0.006754 seconds
  Import took 0.008493 seconds .

========================================================================
Received Import Request.
  Time since last request: 0.009870 seconds.
  path: Assets/Prefabs/Eggplant.prefab
  artifactKey: Guid(0902e06103fc3024d9e2624523307e2c) Importer(815301076,1909f56bfc062723c751e8b465ee728b)
Start importing Assets/Prefabs/Eggplant.prefab using Guid(0902e06103fc3024d9e2624523307e2c) Importer(815301076,1909f56bfc062723c751e8b465ee728b)  -> (artifact id: '2d1fde4fd058e99802f7433f8b135a10') in 0.006911 seconds
  Import took 0.008619 seconds .

========================================================================
Received Import Request.
  Time since last request: 2.193943 seconds.
  path: Assets/Prefabs/Eggplant.prefab
  artifactKey: Guid(0902e06103fc3024d9e2624523307e2c) Importer(815301076,1909f56bfc062723c751e8b465ee728b)
Start importing Assets/Prefabs/Eggplant.prefab using Guid(0902e06103fc3024d9e2624523307e2c) Importer(815301076,1909f56bfc062723c751e8b465ee728b)  -> (artifact id: 'e1dcd3ae471fcf98ec98d3992f31b0df') in 0.006888 seconds
  Import took 0.008495 seconds .

========================================================================
Received Import Request.
  Time since last request: 3.450435 seconds.
  path: Assets/Prefabs/Potato.prefab
  artifactKey: Guid(e24f1b79179a4d14cb7f9f9ab606be49) Importer(815301076,1909f56bfc062723c751e8b465ee728b)
Start importing Assets/Prefabs/Potato.prefab using Guid(e24f1b79179a4d14cb7f9f9ab606be49) Importer(815301076,1909f56bfc062723c751e8b465ee728b)  -> (artifact id: 'e59affde91dbbb375a7c12041646e184') in 0.007065 seconds
  Import took 0.009280 seconds .

========================================================================
Received Import Request.
  Time since last request: 0.014126 seconds.
  path: Assets/Prefabs/Potato.prefab
  artifactKey: Guid(e24f1b79179a4d14cb7f9f9ab606be49) Importer(815301076,1909f56bfc062723c751e8b465ee728b)
Start importing Assets/Prefabs/Potato.prefab using Guid(e24f1b79179a4d14cb7f9f9ab606be49) Importer(815301076,1909f56bfc062723c751e8b465ee728b)  -> (artifact id: 'e59affde91dbbb375a7c12041646e184') in 0.007547 seconds
  Import took 0.009303 seconds .

========================================================================
Received Import Request.
  Time since last request: 3.161135 seconds.
  path: Assets/Prefabs/Potato.prefab
  artifactKey: Guid(e24f1b79179a4d14cb7f9f9ab606be49) Importer(815301076,1909f56bfc062723c751e8b465ee728b)
Start importing Assets/Prefabs/Potato.prefab using Guid(e24f1b79179a4d14cb7f9f9ab606be49) Importer(815301076,1909f56bfc062723c751e8b465ee728b)  -> (artifact id: '4ac36ccb4ba1459e5890b56ce00c9e09') in 0.006969 seconds
  Import took 0.008589 seconds .

========================================================================
Received Import Request.
  Time since last request: 7.107607 seconds.
  path: Assets/Prefabs/Cucumber.prefab
  artifactKey: Guid(97834b89a95a35949b1ebc644b12e25f) Importer(815301076,1909f56bfc062723c751e8b465ee728b)
Start importing Assets/Prefabs/Cucumber.prefab using Guid(97834b89a95a35949b1ebc644b12e25f) Importer(815301076,1909f56bfc062723c751e8b465ee728b)  -> (artifact id: '7e9af86a9c057a03c21cc95be9f71508') in 0.007129 seconds
  Import took 0.008817 seconds .

========================================================================
Received Import Request.
  Time since last request: 0.009050 seconds.
  path: Assets/Prefabs/Cucumber.prefab
  artifactKey: Guid(97834b89a95a35949b1ebc644b12e25f) Importer(815301076,1909f56bfc062723c751e8b465ee728b)
Start importing Assets/Prefabs/Cucumber.prefab using Guid(97834b89a95a35949b1ebc644b12e25f) Importer(815301076,1909f56bfc062723c751e8b465ee728b)  -> (artifact id: '7e9af86a9c057a03c21cc95be9f71508') in 0.007191 seconds
  Import took 0.009015 seconds .

========================================================================
Received Import Request.
  Time since last request: 1.778223 seconds.
  path: Assets/Prefabs/Cucumber.prefab
  artifactKey: Guid(97834b89a95a35949b1ebc644b12e25f) Importer(815301076,1909f56bfc062723c751e8b465ee728b)
Start importing Assets/Prefabs/Cucumber.prefab using Guid(97834b89a95a35949b1ebc644b12e25f) Importer(815301076,1909f56bfc062723c751e8b465ee728b)  -> (artifact id: '55817d2c8c069bcc53e437c216e9a571') in 0.007557 seconds
  Import took 0.009495 seconds .

========================================================================
Received Import Request.
  Time since last request: 0.010893 seconds.
  path: Assets/Prefabs/Cucumber.prefab
  artifactKey: Guid(97834b89a95a35949b1ebc644b12e25f) Importer(815301076,1909f56bfc062723c751e8b465ee728b)
Start importing Assets/Prefabs/Cucumber.prefab using Guid(97834b89a95a35949b1ebc644b12e25f) Importer(815301076,1909f56bfc062723c751e8b465ee728b)  -> (artifact id: '55817d2c8c069bcc53e437c216e9a571') in 0.006423 seconds
  Import took 0.008027 seconds .

========================================================================
Received Prepare
Registering precompiled user dll's ...
Registered in 0.000592 seconds.
Begin MonoManager ReloadAssembly
Native extension for Lumin target not found
Native extension for WindowsStandalone target not found
Native extension for WebGL target not found
Refreshing native plugins compatible for Editor in 0.19 ms, found 0 plugins.
Preloading 0 native plugins for Editor in 0.00 ms.
Invoked RoslynAnalysisRunner static constructor.
RoslynAnalysisRunner will not be running.
RoslynAnalysisRunner has terminated.
Mono: successfully reloaded assembly
- Completed reload, in  0.602 seconds
Platform modules already initialized, skipping
Refreshing native plugins compatible for Editor in 0.21 ms, found 0 plugins.
Preloading 0 native plugins for Editor in 0.00 ms.
Unloading 1111 Unused Serialized files (Serialized files now loaded: 0)
System memory in use before: 62.1 MB.
System memory in use after: 62.2 MB.

Unloading 4 unused Assets to reduce memory usage. Loaded Objects now: 1620.
Total: 1.561300 ms (FindLiveObjects: 0.137300 ms CreateObjectMapping: 0.029600 ms MarkObjects: 1.382200 ms  DeleteObjects: 0.011100 ms)

========================================================================
Received Import Request.
  Time since last request: 1607.024762 seconds.
  path: Assets/Materials/Background.mat
  artifactKey: Guid(33119ae88ea20b74188c49322e8976df) Importer(815301076,1909f56bfc062723c751e8b465ee728b)
Start importing Assets/Materials/Background.mat using Guid(33119ae88ea20b74188c49322e8976df) Importer(815301076,1909f56bfc062723c751e8b465ee728b)  -> (artifact id: '5d5973942bed4d35b70287efec00d642') in 0.070154 seconds
  Import took 0.072499 seconds .

========================================================================
Received Import Request.
  Time since last request: 0.000259 seconds.
  path: Assets/Materials/Cucumber.mat
  artifactKey: Guid(006a05b37427df9408eeb50f7b1389bf) Importer(815301076,1909f56bfc062723c751e8b465ee728b)
Start importing Assets/Materials/Cucumber.mat using Guid(006a05b37427df9408eeb50f7b1389bf) Importer(815301076,1909f56bfc062723c751e8b465ee728b)  -> (artifact id: '3552ef11b1de20218710412219b8a92f') in 0.011543 seconds
  Import took 0.013222 seconds .

========================================================================
Received Import Request.
  Time since last request: 0.000230 seconds.
  path: Assets/Materials/Eggplant.mat
  artifactKey: Guid(936a8ebf3224a644fa18da86c0c58eac) Importer(815301076,1909f56bfc062723c751e8b465ee728b)
Start importing Assets/Materials/Eggplant.mat using Guid(936a8ebf3224a644fa18da86c0c58eac) Importer(815301076,1909f56bfc062723c751e8b465ee728b)  -> (artifact id: 'eb03ac14cbb2170ab5a25cf46cc981a4') in 0.011674 seconds
  Import took 0.013246 seconds .

========================================================================
Received Import Request.
  Time since last request: 0.000264 seconds.
  path: Assets/Materials/Tomato.mat
  artifactKey: Guid(946b60851516ddb4c96f2465d65337d9) Importer(815301076,1909f56bfc062723c751e8b465ee728b)
Start importing Assets/Materials/Tomato.mat using Guid(946b60851516ddb4c96f2465d65337d9) Importer(815301076,1909f56bfc062723c751e8b465ee728b)  -> (artifact id: 'f32ce8f115915762595d13d86d1b4770') in 0.011983 seconds
  Import took 0.013574 seconds .

========================================================================
Received Import Request.
  Time since last request: 0.000256 seconds.
  path: Assets/Materials/Potato.mat
  artifactKey: Guid(2ffdd2a4895c4a149a7bcd10712ecd37) Importer(815301076,1909f56bfc062723c751e8b465ee728b)
Start importing Assets/Materials/Potato.mat using Guid(2ffdd2a4895c4a149a7bcd10712ecd37) Importer(815301076,1909f56bfc062723c751e8b465ee728b)  -> (artifact id: '4c14b5331da3071755005b3487c3dbb6') in 0.010765 seconds
  Import took 0.012245 seconds .

========================================================================
Received Import Request.
  Time since last request: 0.000324 seconds.
  path: Assets/Materials/Tomato.mat
  artifactKey: Guid(946b60851516ddb4c96f2465d65337d9) Importer(815301076,1909f56bfc062723c751e8b465ee728b)
Start importing Assets/Materials/Tomato.mat using Guid(946b60851516ddb4c96f2465d65337d9) Importer(815301076,1909f56bfc062723c751e8b465ee728b)  -> (artifact id: 'f32ce8f115915762595d13d86d1b4770') in 0.010303 seconds
  Import took 0.011792 seconds .

========================================================================
Received Import Request.
  Time since last request: 4.508241 seconds.
  path: Assets/Fruity Framework/Core
  artifactKey: Guid(b2d5d908b5a15b0419b702c27b081953) Importer(815301076,1909f56bfc062723c751e8b465ee728b)
Start importing Assets/Fruity Framework/Core using Guid(b2d5d908b5a15b0419b702c27b081953) Importer(815301076,1909f56bfc062723c751e8b465ee728b)  -> (artifact id: 'e11701eb9a2a897800e47a216bafa257') in 0.005765 seconds
  Import took 0.007392 seconds .

========================================================================
Received Import Request.
  Time since last request: 3.100265 seconds.
  path: Assets/Fruity Framework/Mobile
  artifactKey: Guid(45c5d6fe532947441ab02001424683bb) Importer(815301076,1909f56bfc062723c751e8b465ee728b)
Start importing Assets/Fruity Framework/Mobile using Guid(45c5d6fe532947441ab02001424683bb) Importer(815301076,1909f56bfc062723c751e8b465ee728b)  -> (artifact id: '84c141bd0c7e061ccf84576b5748d8e2') in 0.007519 seconds
  Import took 0.009136 seconds .

========================================================================
Received Import Request.
  Time since last request: 0.000456 seconds.
  path: Assets/Fruity Framework/Mobile
  artifactKey: Guid(45c5d6fe532947441ab02001424683bb) Importer(815301076,1909f56bfc062723c751e8b465ee728b)
Start importing Assets/Fruity Framework/Mobile using Guid(45c5d6fe532947441ab02001424683bb) Importer(815301076,1909f56bfc062723c751e8b465ee728b)  -> (artifact id: '84c141bd0c7e061ccf84576b5748d8e2') in 0.002811 seconds
  Import took 0.004519 seconds .

========================================================================
Received Import Request.
  Time since last request: 1.443872 seconds.
  path: Assets/Fruity Framework/Loot
  artifactKey: Guid(8175cb9bd6add6b4d997d5d4a9be19b4) Importer(815301076,1909f56bfc062723c751e8b465ee728b)
Start importing Assets/Fruity Framework/Loot using Guid(8175cb9bd6add6b4d997d5d4a9be19b4) Importer(815301076,1909f56bfc062723c751e8b465ee728b)  -> (artifact id: '89958946440a837856b08ea9fe6f551b') in 0.006904 seconds
  Import took 0.008486 seconds .

========================================================================
Received Import Request.
  Time since last request: 0.000671 seconds.
  path: Assets/Fruity Framework/Loot
  artifactKey: Guid(8175cb9bd6add6b4d997d5d4a9be19b4) Importer(815301076,1909f56bfc062723c751e8b465ee728b)
Start importing Assets/Fruity Framework/Loot using Guid(8175cb9bd6add6b4d997d5d4a9be19b4) Importer(815301076,1909f56bfc062723c751e8b465ee728b)  -> (artifact id: '89958946440a837856b08ea9fe6f551b') in 0.002350 seconds
  Import took 0.003816 seconds .

========================================================================
Received Import Request.
  Time since last request: 0.182557 seconds.
  path: Assets/Fruity Framework/Loot/NewLootTable.asset
  artifactKey: Guid(ad57e3ecda71b014184325fa993028ec) Importer(815301076,1909f56bfc062723c751e8b465ee728b)
Start importing Assets/Fruity Framework/Loot/NewLootTable.asset using Guid(ad57e3ecda71b014184325fa993028ec) Importer(815301076,1909f56bfc062723c751e8b465ee728b)  -> (artifact id: 'effb38f304094ecd99f17f31316027a5') in 0.008291 seconds
  Import took 0.009950 seconds .

========================================================================
Received Import Request.
  Time since last request: 2.200728 seconds.
  path: Assets/Fruity Framework/Resources
  artifactKey: Guid(23f83db0c49cc5c45ade9ecc50e7a1e7) Importer(815301076,1909f56bfc062723c751e8b465ee728b)
Start importing Assets/Fruity Framework/Resources using Guid(23f83db0c49cc5c45ade9ecc50e7a1e7) Importer(815301076,1909f56bfc062723c751e8b465ee728b)  -> (artifact id: '5a418e7e508b59f55e7feeca60f47350') in 0.006151 seconds
  Import took 0.007788 seconds .

========================================================================
Received Import Request.
  Time since last request: 0.039559 seconds.
  path: Assets/Fruity Framework/Resources/Mobile Input Prefab.prefab
  artifactKey: Guid(2ddb5f7c5f224dd4f925969f3514a26f) Importer(815301076,1909f56bfc062723c751e8b465ee728b)
Start importing Assets/Fruity Framework/Resources/Mobile Input Prefab.prefab using Guid(2ddb5f7c5f224dd4f925969f3514a26f) Importer(815301076,1909f56bfc062723c751e8b465ee728b)  -> (artifact id: '0c23514c00f51703801e8c2460fb1b0f') in 0.016907 seconds
  Import took 0.018656 seconds .

========================================================================
Received Import Request.
  Time since last request: 15.633801 seconds.
  path: Assets/Fruity Framework/Testing/Core
  artifactKey: Guid(d59623b923fe6e14d837ec0256515d47) Importer(815301076,1909f56bfc062723c751e8b465ee728b)
Start importing Assets/Fruity Framework/Testing/Core using Guid(d59623b923fe6e14d837ec0256515d47) Importer(815301076,1909f56bfc062723c751e8b465ee728b)  -> (artifact id: 'e74977d8b070a07724dd22757f23941b') in 0.003369 seconds
  Import took 0.005491 seconds .

========================================================================
Received Import Request.
  Time since last request: 11.325939 seconds.
  path: Assets/Fruity Framework/Core/Trigger.cs
  artifactKey: Guid(5f8b990186a193f4ab3ea48f6bac7a10) Importer(815301076,1909f56bfc062723c751e8b465ee728b)
Start importing Assets/Fruity Framework/Core/Trigger.cs using Guid(5f8b990186a193f4ab3ea48f6bac7a10) Importer(815301076,1909f56bfc062723c751e8b465ee728b)  -> (artifact id: 'f4db92d27d3f37907430c97fb553fd68') in 0.005737 seconds
  Import took 0.007371 seconds .

========================================================================
Received Prepare
Registering precompiled user dll's ...
Registered in 0.000560 seconds.
Begin MonoManager ReloadAssembly
Native extension for Lumin target not found
Native extension for WindowsStandalone target not found
Native extension for WebGL target not found
Refreshing native plugins compatible for Editor in 0.19 ms, found 0 plugins.
Preloading 0 native plugins for Editor in 0.00 ms.
Invoked RoslynAnalysisRunner static constructor.
RoslynAnalysisRunner will not be running.
RoslynAnalysisRunner has terminated.
Mono: successfully reloaded assembly
- Completed reload, in  0.615 seconds
Platform modules already initialized, skipping
Refreshing native plugins compatible for Editor in 0.18 ms, found 0 plugins.
Preloading 0 native plugins for Editor in 0.00 ms.
Unloading 1111 Unused Serialized files (Serialized files now loaded: 0)
System memory in use before: 62.4 MB.
System memory in use after: 62.5 MB.

Unloading 4 unused Assets to reduce memory usage. Loaded Objects now: 1656.
Total: 1.239800 ms (FindLiveObjects: 0.105900 ms CreateObjectMapping: 0.024200 ms MarkObjects: 1.099600 ms  DeleteObjects: 0.009500 ms)

========================================================================
Received Import Request.
  Time since last request: 9.002853 seconds.
  path: Assets/Fruity Framework/Core/VolumeTrigger.cs
  artifactKey: Guid(d8107ca2cb263ca48a141ae93ab45f8e) Importer(815301076,1909f56bfc062723c751e8b465ee728b)
Start importing Assets/Fruity Framework/Core/VolumeTrigger.cs using Guid(d8107ca2cb263ca48a141ae93ab45f8e) Importer(815301076,1909f56bfc062723c751e8b465ee728b)  -> (artifact id: '3fbd78e651bada3bac6cd226a605e8d8') in 0.007376 seconds
  Import took 0.009113 seconds .

========================================================================
Received Import Request.
  Time since last request: 87.561591 seconds.
  path: Assets/Fruity Framework/Mobile/SwipeInput.cs
  artifactKey: Guid(9e2b966e3e0393a499326e87cb359d9e) Importer(815301076,1909f56bfc062723c751e8b465ee728b)
Start importing Assets/Fruity Framework/Mobile/SwipeInput.cs using Guid(9e2b966e3e0393a499326e87cb359d9e) Importer(815301076,1909f56bfc062723c751e8b465ee728b)  -> (artifact id: '8bc166b6bb2425bc7fa09fac656d1d6e') in 0.006635 seconds
  Import took 0.008386 seconds .

========================================================================
Received Import Request.
  Time since last request: 35.751949 seconds.
  path: Assets/Fruity Framework/Mobile/MobileInput.cs
  artifactKey: Guid(7f3564b9fbf1e064b9a2627f5f0ae5e2) Importer(815301076,1909f56bfc062723c751e8b465ee728b)
Start importing Assets/Fruity Framework/Mobile/MobileInput.cs using Guid(7f3564b9fbf1e064b9a2627f5f0ae5e2) Importer(815301076,1909f56bfc062723c751e8b465ee728b)  -> (artifact id: 'd867c9cacc7547649bbac31cbc82bf93') in 0.005893 seconds
  Import took 0.007945 seconds .

========================================================================
Received Import Request.
  Time since last request: 888.125590 seconds.
  path: Assets/Fruity Framework/Testing/Mobile/MobileTest.cs
  artifactKey: Guid(3deba40eb3d441144b1b1003ef879976) Importer(815301076,1909f56bfc062723c751e8b465ee728b)
Start importing Assets/Fruity Framework/Testing/Mobile/MobileTest.cs using Guid(3deba40eb3d441144b1b1003ef879976) Importer(815301076,1909f56bfc062723c751e8b465ee728b)  -> (artifact id: '7bc4c0e1b4ab6dd56dc1aba57f3a88cc') in 0.002932 seconds
  Import took 0.004992 seconds .

========================================================================
Received Prepare
Registering precompiled user dll's ...
Registered in 0.000679 seconds.
Begin MonoManager ReloadAssembly
Native extension for Lumin target not found
Native extension for WindowsStandalone target not found
Native extension for WebGL target not found
Refreshing native plugins compatible for Editor in 0.18 ms, found 0 plugins.
Preloading 0 native plugins for Editor in 0.00 ms.
Invoked RoslynAnalysisRunner static constructor.
RoslynAnalysisRunner will not be running.
RoslynAnalysisRunner has terminated.
Mono: successfully reloaded assembly
- Completed reload, in  0.617 seconds
Platform modules already initialized, skipping
Refreshing native plugins compatible for Editor in 0.18 ms, found 0 plugins.
Preloading 0 native plugins for Editor in 0.00 ms.
Unloading 1111 Unused Serialized files (Serialized files now loaded: 0)
System memory in use before: 61.6 MB.
System memory in use after: 61.7 MB.

Unloading 4 unused Assets to reduce memory usage. Loaded Objects now: 1658.
Total: 1.483200 ms (FindLiveObjects: 0.143600 ms CreateObjectMapping: 0.029800 ms MarkObjects: 1.298400 ms  DeleteObjects: 0.010600 ms)

========================================================================
Received Import Request.
  Time since last request: 5432.903446 seconds.
  path: Assets/Fruity Framework/Testing/Mobile/MobileTest.cs
  artifactKey: Guid(3deba40eb3d441144b1b1003ef879976) Importer(815301076,1909f56bfc062723c751e8b465ee728b)
Start importing Assets/Fruity Framework/Testing/Mobile/MobileTest.cs using Guid(3deba40eb3d441144b1b1003ef879976) Importer(815301076,1909f56bfc062723c751e8b465ee728b)  -> (artifact id: '01fbdac41207be6e0639fe23992bfe36') in 0.004297 seconds
  Import took 0.005824 seconds .

========================================================================
Received Prepare
Registering precompiled user dll's ...
Registered in 0.000591 seconds.
Begin MonoManager ReloadAssembly
Native extension for Lumin target not found
Native extension for WindowsStandalone target not found
Native extension for WebGL target not found
Refreshing native plugins compatible for Editor in 0.19 ms, found 0 plugins.
Preloading 0 native plugins for Editor in 0.00 ms.
Invoked RoslynAnalysisRunner static constructor.
RoslynAnalysisRunner will not be running.
RoslynAnalysisRunner has terminated.
Mono: successfully reloaded assembly
- Completed reload, in  0.622 seconds
Platform modules already initialized, skipping
Refreshing native plugins compatible for Editor in 0.18 ms, found 0 plugins.
Preloading 0 native plugins for Editor in 0.00 ms.
Unloading 1111 Unused Serialized files (Serialized files now loaded: 0)
System memory in use before: 61.7 MB.
System memory in use after: 61.8 MB.

Unloading 4 unused Assets to reduce memory usage. Loaded Objects now: 1660.
Total: 1.438400 ms (FindLiveObjects: 0.116000 ms CreateObjectMapping: 0.027500 ms MarkObjects: 1.283100 ms  DeleteObjects: 0.010800 ms)

========================================================================
Received Import Request.
  Time since last request: 1747.758949 seconds.
  path: Assets/Fruity Framework/Testing/Mobile/MobileTest.cs
  artifactKey: Guid(3deba40eb3d441144b1b1003ef879976) Importer(815301076,1909f56bfc062723c751e8b465ee728b)
Start importing Assets/Fruity Framework/Testing/Mobile/MobileTest.cs using Guid(3deba40eb3d441144b1b1003ef879976) Importer(815301076,1909f56bfc062723c751e8b465ee728b)  -> (artifact id: '0c50750f3adcd56959003d604d67e9c2') in 0.004477 seconds
  Import took 0.006330 seconds .

AssetImportWorkerClient::OnTransportError - code=2 error=End of file
